
Running BCB Pipeline
Start (UTC): 2025-12-08 00:01:18.950736+00:00
End (UTC): 2025-12-08 00:01:20.259203+00:00
Duration: 1.31 seconds
Extracted date: 2025-12-08
Skip: true
Status: success

Running BCB Pipeline
Start (UTC): 2025-12-08 00:16:03.121905+00:00
End (UTC): 2025-12-08 00:16:04.244971+00:00
Duration: 1.12 seconds
Extracted date: 2025-12-08
Skip: true
Status: success

Running BCB Pipeline
Start (UTC): 2025-12-08 00:31:06.946781+00:00
End (UTC): 2025-12-08 00:31:08.248358+00:00
Duration: 1.3 seconds
Extracted date: 2025-12-08
Skip: true
Status: success

Running BCB Pipeline
Start (UTC): 2025-12-08 00:45:59.108879+00:00
End (UTC): 2025-12-08 00:46:00.300721+00:00
Duration: 1.19 seconds
Extracted date: 2025-12-08
Skip: true
Status: success

Running BCB Pipeline
Start (UTC): 2025-12-08 01:01:19.761309+00:00
End (UTC): 2025-12-08 01:01:21.336340+00:00
Duration: 1.58 seconds
Extracted date: 2025-12-08
Skip: true
Status: success

Running BCB Pipeline
Start (UTC): 2025-12-08 01:16:01.092862+00:00
End (UTC): 2025-12-08 01:16:02.544771+00:00
Duration: 1.45 seconds
Extracted date: 2025-12-08
Skip: true
Status: success

Running BCB Pipeline
Start (UTC): 2025-12-08 01:31:10.247201+00:00
End (UTC): 2025-12-08 01:31:11.986955+00:00
Duration: 1.74 seconds
Extracted date: 2025-12-08
Skip: true
Status: success

Running BCB Pipeline
Start (UTC): 2025-12-08 01:46:02.237084+00:00
End (UTC): 2025-12-08 01:46:03.458057+00:00
Duration: 1.22 seconds
Extracted date: 2025-12-08
Skip: true
Status: success

Running BCB Pipeline
Start (UTC): 2025-12-08 02:01:23.314946+00:00
End (UTC): 2025-12-08 02:01:24.768547+00:00
Duration: 1.45 seconds
Extracted date: 2025-12-08
Skip: true
Status: success
