
Running BCB Pipeline
Start (UTC): 2025-12-20 00:01:45.433544+00:00
End (UTC): 2025-12-20 00:01:46.589024+00:00
Duration: 1.16 seconds
Extracted date: 2025-12-22
Skip: true
Status: success

Running BCB Pipeline
Start (UTC): 2025-12-20 00:16:21.423345+00:00
End (UTC): 2025-12-20 00:16:22.728295+00:00
Duration: 1.3 seconds
Extracted date: 2025-12-22
Skip: true
Status: success

Running BCB Pipeline
Start (UTC): 2025-12-20 00:31:26.668953+00:00
End (UTC): 2025-12-20 00:31:27.854176+00:00
Duration: 1.19 seconds
Extracted date: 2025-12-22
Skip: true
Status: success
