
Running BCB Pipeline
Start (UTC): 2025-12-15 00:01:32.245839+00:00
End (UTC): 2025-12-15 00:01:33.796348+00:00
Duration: 1.55 seconds
Extracted date: 2025-12-15
Skip: true
Status: success

Running BCB Pipeline
Start (UTC): 2025-12-15 00:16:14.763665+00:00
End (UTC): 2025-12-15 00:16:16.101119+00:00
Duration: 1.34 seconds
Extracted date: 2025-12-15
Skip: true
Status: success

Running BCB Pipeline
Start (UTC): 2025-12-15 00:31:24.270517+00:00
End (UTC): 2025-12-15 00:31:26.787074+00:00
Duration: 2.52 seconds
Extracted date: 2025-12-15
Skip: true
Status: success

Running BCB Pipeline
Start (UTC): 2025-12-15 00:46:12.139952+00:00
End (UTC): 2025-12-15 00:46:13.277905+00:00
Duration: 1.14 seconds
Extracted date: 2025-12-15
Skip: true
Status: success

Running BCB Pipeline
Start (UTC): 2025-12-15 01:01:35.091036+00:00
End (UTC): 2025-12-15 01:01:36.578457+00:00
Duration: 1.49 seconds
Extracted date: 2025-12-15
Skip: true
Status: success
