
Running BCB Pipeline
Start (UTC): 2025-12-16 00:01:29.378232+00:00
End (UTC): 2025-12-16 00:01:30.490038+00:00
Duration: 1.11 seconds
Extracted date: 2025-12-16
Skip: true
Status: success

Running BCB Pipeline
Start (UTC): 2025-12-16 00:16:09.292517+00:00
End (UTC): 2025-12-16 00:16:10.477194+00:00
Duration: 1.18 seconds
Extracted date: 2025-12-16
Skip: true
Status: success

Running BCB Pipeline
Start (UTC): 2025-12-16 00:31:17.424638+00:00
End (UTC): 2025-12-16 00:31:18.891678+00:00
Duration: 1.47 seconds
Extracted date: 2025-12-16
Skip: true
Status: success

Running BCB Pipeline
Start (UTC): 2025-12-16 00:46:06.053118+00:00
End (UTC): 2025-12-16 00:46:07.194133+00:00
Duration: 1.14 seconds
Extracted date: 2025-12-16
Skip: true
Status: success
