
Running BCB Pipeline
Start (UTC): 2025-12-31 00:02:07.414942+00:00
End (UTC): 2025-12-31 00:02:08.783940+00:00
Duration: 1.37 seconds
Extracted date: 2025-12-31
Skip: true
Status: success

Running BCB Pipeline
Start (UTC): 2025-12-31 00:16:56.160309+00:00
End (UTC): 2025-12-31 00:16:57.750723+00:00
Duration: 1.59 seconds
Extracted date: 2025-12-31
Skip: true
Status: success

Running BCB Pipeline
Start (UTC): 2025-12-31 00:31:56.328191+00:00
End (UTC): 2025-12-31 00:31:57.397662+00:00
Duration: 1.07 seconds
Extracted date: 2025-12-31
Skip: true
Status: success

Running BCB Pipeline
Start (UTC): 2025-12-31 00:46:49.296480+00:00
End (UTC): 2025-12-31 00:46:50.665596+00:00
Duration: 1.37 seconds
Extracted date: 2025-12-31
Skip: true
Status: success

Running BCB Pipeline
Start (UTC): 2025-12-31 01:02:08.663944+00:00
End (UTC): 2025-12-31 01:02:09.958959+00:00
Duration: 1.3 seconds
Extracted date: 2025-12-31
Skip: true
Status: success

Running BCB Pipeline
Start (UTC): 2025-12-31 01:16:45.203242+00:00
End (UTC): 2025-12-31 01:16:46.383972+00:00
Duration: 1.18 seconds
Extracted date: 2025-12-31
Skip: true
Status: success
