
Running BCB Pipeline
Start (UTC): 2025-12-24 00:01:49.945926+00:00
End (UTC): 2025-12-24 00:01:51.126070+00:00
Duration: 1.18 seconds
Extracted date: 2025-12-24
Skip: true
Status: success

Running BCB Pipeline
Start (UTC): 2025-12-24 00:16:28.838303+00:00
End (UTC): 2025-12-24 00:16:30.105518+00:00
Duration: 1.27 seconds
Extracted date: 2025-12-24
Skip: true
Status: success

Running BCB Pipeline
Start (UTC): 2025-12-24 00:31:34.086782+00:00
End (UTC): 2025-12-24 00:31:35.185396+00:00
Duration: 1.1 seconds
Extracted date: 2025-12-24
Skip: true
Status: success

Running BCB Pipeline
Start (UTC): 2025-12-24 00:46:29.827450+00:00
End (UTC): 2025-12-24 00:46:30.981406+00:00
Duration: 1.15 seconds
Extracted date: 2025-12-24
Skip: true
Status: success

Running BCB Pipeline
Start (UTC): 2025-12-24 01:01:52.307823+00:00
End (UTC): 2025-12-24 01:01:53.882791+00:00
Duration: 1.57 seconds
Extracted date: 2025-12-24
Skip: true
Status: success

Running BCB Pipeline
Start (UTC): 2025-12-24 01:16:33.320196+00:00
End (UTC): 2025-12-24 01:16:34.684573+00:00
Duration: 1.36 seconds
Extracted date: 2025-12-24
Skip: true
Status: success

Running BCB Pipeline
Start (UTC): 2025-12-24 01:31:34.181277+00:00
End (UTC): 2025-12-24 01:31:35.597235+00:00
Duration: 1.42 seconds
Extracted date: 2025-12-24
Skip: true
Status: success

Running BCB Pipeline
Start (UTC): 2025-12-24 01:46:29.359075+00:00
End (UTC): 2025-12-24 01:46:30.542617+00:00
Duration: 1.18 seconds
Extracted date: 2025-12-24
Skip: true
Status: success

Running BCB Pipeline
Start (UTC): 2025-12-24 02:01:50.742253+00:00
End (UTC): 2025-12-24 02:01:52.026040+00:00
Duration: 1.28 seconds
Extracted date: 2025-12-24
Skip: true
Status: success

Running BCB Pipeline
Start (UTC): 2025-12-24 02:16:29.234870+00:00
End (UTC): 2025-12-24 02:16:30.325087+00:00
Duration: 1.09 seconds
Extracted date: 2025-12-24
Skip: true
Status: success
