
Running BCB Pipeline
Start (UTC): 2025-12-07 01:30:13.536389+00:00
End (UTC): 2025-12-07 01:30:16.022622+00:00
Duration: 2.49 seconds
Extracted date: 2025-12-08
Skip: false
Status: success

Running BCB Pipeline
Start (UTC): 2025-12-07 01:57:41.463727+00:00
End (UTC): 2025-12-07 01:57:42.673603+00:00
Duration: 1.21 seconds
Extracted date: 2025-12-08
Skip: true
Status: success

Running BCB Pipeline
Start (UTC): 2025-12-07 02:06:15.263270+00:00
End (UTC): 2025-12-07 02:06:16.443180+00:00
Duration: 1.18 seconds
Extracted date: 2025-12-08
Skip: true
Status: success

Running BCB Pipeline
Start (UTC): 2025-12-07 02:23:39.137824+00:00
End (UTC): 2025-12-07 02:23:40.454317+00:00
Duration: 1.32 seconds
Extracted date: 2025-12-08
Skip: true
Status: success

Running BCB Pipeline
Start (UTC): 2025-12-07 02:30:08.068275+00:00
End (UTC): 2025-12-07 02:30:09.443610+00:00
Duration: 1.38 seconds
Extracted date: 2025-12-08
Skip: true
Status: success
