
Running BCB Pipeline
Start (UTC): 2025-12-26 00:01:52.200087+00:00
End (UTC): 2025-12-26 00:01:53.347111+00:00
Duration: 1.15 seconds
Extracted date: 2025-12-29
Skip: true
Status: success

Running BCB Pipeline
Start (UTC): 2025-12-26 00:16:35.542896+00:00
End (UTC): 2025-12-26 00:16:36.846314+00:00
Duration: 1.3 seconds
Extracted date: 2025-12-29
Skip: true
Status: success

Running BCB Pipeline
Start (UTC): 2025-12-26 00:31:46.759858+00:00
End (UTC): 2025-12-26 00:31:48.099077+00:00
Duration: 1.34 seconds
Extracted date: 2025-12-29
Skip: true
Status: success

Running BCB Pipeline
Start (UTC): 2025-12-26 00:46:32.186266+00:00
End (UTC): 2025-12-26 00:46:33.407018+00:00
Duration: 1.22 seconds
Extracted date: 2025-12-29
Skip: true
Status: success

Running BCB Pipeline
Start (UTC): 2025-12-26 01:01:58.841822+00:00
End (UTC): 2025-12-26 01:02:00.163770+00:00
Duration: 1.32 seconds
Extracted date: 2025-12-29
Skip: true
Status: success

Running BCB Pipeline
Start (UTC): 2025-12-26 01:16:35.289407+00:00
End (UTC): 2025-12-26 01:16:36.895131+00:00
Duration: 1.61 seconds
Extracted date: 2025-12-29
Skip: true
Status: success

Running BCB Pipeline
Start (UTC): 2025-12-26 01:31:40.596375+00:00
End (UTC): 2025-12-26 01:31:41.963346+00:00
Duration: 1.37 seconds
Extracted date: 2025-12-29
Skip: true
Status: success

Running BCB Pipeline
Start (UTC): 2025-12-26 01:46:31.350837+00:00
End (UTC): 2025-12-26 01:46:32.551532+00:00
Duration: 1.2 seconds
Extracted date: 2025-12-29
Skip: true
Status: success

Running BCB Pipeline
Start (UTC): 2025-12-26 02:01:52.605218+00:00
End (UTC): 2025-12-26 02:01:53.743241+00:00
Duration: 1.14 seconds
Extracted date: 2025-12-29
Skip: true
Status: success

Running BCB Pipeline
Start (UTC): 2025-12-26 02:16:35.245250+00:00
End (UTC): 2025-12-26 02:16:36.584142+00:00
Duration: 1.34 seconds
Extracted date: 2025-12-29
Skip: true
Status: success

Running BCB Pipeline
Start (UTC): 2025-12-26 02:31:42.287627+00:00
End (UTC): 2025-12-26 02:31:43.457049+00:00
Duration: 1.17 seconds
Extracted date: 2025-12-29
Skip: true
Status: success
