
Running BCB Pipeline
Start (UTC): 2025-12-09 00:01:22.581959+00:00
End (UTC): 2025-12-09 00:01:23.902860+00:00
Duration: 1.32 seconds
Extracted date: 2025-12-09
Skip: true
Status: success

Running BCB Pipeline
Start (UTC): 2025-12-09 00:15:59.493998+00:00
End (UTC): 2025-12-09 00:16:00.570142+00:00
Duration: 1.08 seconds
Extracted date: 2025-12-09
Skip: true
Status: success

Running BCB Pipeline
Start (UTC): 2025-12-09 00:31:05.302482+00:00
End (UTC): 2025-12-09 00:31:06.654257+00:00
Duration: 1.35 seconds
Extracted date: 2025-12-09
Skip: true
Status: success

Running BCB Pipeline
Start (UTC): 2025-12-09 00:45:59.936980+00:00
End (UTC): 2025-12-09 00:46:01.270751+00:00
Duration: 1.33 seconds
Extracted date: 2025-12-09
Skip: true
Status: success

Running BCB Pipeline
Start (UTC): 2025-12-09 01:01:22.451639+00:00
End (UTC): 2025-12-09 01:01:23.591117+00:00
Duration: 1.14 seconds
Extracted date: 2025-12-09
Skip: true
Status: success

Running BCB Pipeline
Start (UTC): 2025-12-09 01:16:02.557164+00:00
End (UTC): 2025-12-09 01:16:03.704517+00:00
Duration: 1.15 seconds
Extracted date: 2025-12-09
Skip: true
Status: success

Running BCB Pipeline
Start (UTC): 2025-12-09 01:31:10.181847+00:00
End (UTC): 2025-12-09 01:31:11.632403+00:00
Duration: 1.45 seconds
Extracted date: 2025-12-09
Skip: true
Status: success

Running BCB Pipeline
Start (UTC): 2025-12-09 01:46:07.190820+00:00
End (UTC): 2025-12-09 01:46:08.563123+00:00
Duration: 1.37 seconds
Extracted date: 2025-12-09
Skip: true
Status: success

Running BCB Pipeline
Start (UTC): 2025-12-09 02:01:25.189238+00:00
End (UTC): 2025-12-09 02:01:26.771209+00:00
Duration: 1.58 seconds
Extracted date: 2025-12-09
Skip: true
Status: success
