
Running BCB Pipeline
Start (UTC): 2025-12-14 00:01:28.054761+00:00
End (UTC): 2025-12-14 00:01:29.235212+00:00
Duration: 1.18 seconds
Extracted date: 2025-12-15
Skip: true
Status: success

Running BCB Pipeline
Start (UTC): 2025-12-14 00:16:06.884272+00:00
End (UTC): 2025-12-14 00:16:08.038823+00:00
Duration: 1.15 seconds
Extracted date: 2025-12-15
Skip: true
Status: success

Running BCB Pipeline
Start (UTC): 2025-12-14 00:31:13.724934+00:00
End (UTC): 2025-12-14 00:31:14.995731+00:00
Duration: 1.27 seconds
Extracted date: 2025-12-15
Skip: true
Status: success

Running BCB Pipeline
Start (UTC): 2025-12-14 00:46:04.307716+00:00
End (UTC): 2025-12-14 00:46:05.603025+00:00
Duration: 1.3 seconds
Extracted date: 2025-12-15
Skip: true
Status: success

Running BCB Pipeline
Start (UTC): 2025-12-14 01:01:32.558910+00:00
End (UTC): 2025-12-14 01:01:33.805423+00:00
Duration: 1.25 seconds
Extracted date: 2025-12-15
Skip: true
Status: success
