
Running BCB Pipeline
Start (UTC): 2025-12-13 00:01:21.827160+00:00
End (UTC): 2025-12-13 00:01:23.144286+00:00
Duration: 1.32 seconds
Extracted date: 2025-12-15
Skip: true
Status: success

Running BCB Pipeline
Start (UTC): 2025-12-13 00:16:02.473086+00:00
End (UTC): 2025-12-13 00:16:03.840913+00:00
Duration: 1.37 seconds
Extracted date: 2025-12-15
Skip: true
Status: success

Running BCB Pipeline
Start (UTC): 2025-12-13 00:31:10.113381+00:00
End (UTC): 2025-12-13 00:31:11.441545+00:00
Duration: 1.33 seconds
Extracted date: 2025-12-15
Skip: true
Status: success

Running BCB Pipeline
Start (UTC): 2025-12-13 00:46:03.485295+00:00
End (UTC): 2025-12-13 00:46:04.674270+00:00
Duration: 1.19 seconds
Extracted date: 2025-12-15
Skip: true
Status: success
