
Running BCB Pipeline
Start (UTC): 2025-12-23 00:01:49.574292+00:00
End (UTC): 2025-12-23 00:01:50.940289+00:00
Duration: 1.37 seconds
Extracted date: 2025-12-23
Skip: true
Status: success

Running BCB Pipeline
Start (UTC): 2025-12-23 00:16:31.675196+00:00
End (UTC): 2025-12-23 00:16:33.275126+00:00
Duration: 1.6 seconds
Extracted date: 2025-12-23
Skip: true
Status: success

Running BCB Pipeline
Start (UTC): 2025-12-23 00:31:40.975193+00:00
End (UTC): 2025-12-23 00:31:42.290245+00:00
Duration: 1.32 seconds
Extracted date: 2025-12-23
Skip: true
Status: success

Running BCB Pipeline
Start (UTC): 2025-12-23 00:46:29.407294+00:00
End (UTC): 2025-12-23 00:46:30.738769+00:00
Duration: 1.33 seconds
Extracted date: 2025-12-23
Skip: true
Status: success

Running BCB Pipeline
Start (UTC): 2025-12-23 01:01:48.755875+00:00
End (UTC): 2025-12-23 01:01:50.091821+00:00
Duration: 1.34 seconds
Extracted date: 2025-12-23
Skip: true
Status: success
