
Running BCB Pipeline
Start (UTC): 2025-12-25 00:01:49.950566+00:00
End (UTC): 2025-12-25 00:01:51.127700+00:00
Duration: 1.18 seconds
Extracted date: 2025-12-29
Skip: true
Status: success

Running BCB Pipeline
Start (UTC): 2025-12-25 00:16:32.707453+00:00
End (UTC): 2025-12-25 00:16:34.290599+00:00
Duration: 1.58 seconds
Extracted date: 2025-12-29
Skip: true
Status: success

Running BCB Pipeline
Start (UTC): 2025-12-25 00:31:38.901109+00:00
End (UTC): 2025-12-25 00:31:40.553077+00:00
Duration: 1.65 seconds
Extracted date: 2025-12-29
Skip: true
Status: success

Running BCB Pipeline
Start (UTC): 2025-12-25 00:46:32.552884+00:00
End (UTC): 2025-12-25 00:46:33.849713+00:00
Duration: 1.3 seconds
Extracted date: 2025-12-29
Skip: true
Status: success

Running BCB Pipeline
Start (UTC): 2025-12-25 01:01:47.910805+00:00
End (UTC): 2025-12-25 01:01:49.207476+00:00
Duration: 1.3 seconds
Extracted date: 2025-12-29
Skip: true
Status: success

Running BCB Pipeline
Start (UTC): 2025-12-25 01:16:37.872477+00:00
End (UTC): 2025-12-25 01:16:39.423516+00:00
Duration: 1.55 seconds
Extracted date: 2025-12-29
Skip: true
Status: success
