
Running BCB Pipeline
Start (UTC): 2025-12-11 00:01:20.696584+00:00
End (UTC): 2025-12-11 00:01:21.878433+00:00
Duration: 1.18 seconds
Extracted date: 2025-12-11
Skip: true
Status: success

Running BCB Pipeline
Start (UTC): 2025-12-11 00:16:01.794092+00:00
End (UTC): 2025-12-11 00:16:06.416122+00:00
Duration: 4.62 seconds
Extracted date: 2025-12-11
Skip: true
Status: success

Running BCB Pipeline
Start (UTC): 2025-12-11 00:31:08.986654+00:00
End (UTC): 2025-12-11 00:31:10.299966+00:00
Duration: 1.31 seconds
Extracted date: 2025-12-11
Skip: true
Status: success

Running BCB Pipeline
Start (UTC): 2025-12-11 00:46:01.535172+00:00
End (UTC): 2025-12-11 00:46:02.767518+00:00
Duration: 1.23 seconds
Extracted date: 2025-12-11
Skip: true
Status: success

Running BCB Pipeline
Start (UTC): 2025-12-11 01:01:22.727711+00:00
End (UTC): 2025-12-11 01:01:24.234773+00:00
Duration: 1.51 seconds
Extracted date: 2025-12-11
Skip: true
Status: success

Running BCB Pipeline
Start (UTC): 2025-12-11 01:16:07.902494+00:00
End (UTC): 2025-12-11 01:16:09.303055+00:00
Duration: 1.4 seconds
Extracted date: 2025-12-11
Skip: true
Status: success

Running BCB Pipeline
Start (UTC): 2025-12-11 01:31:08.368848+00:00
End (UTC): 2025-12-11 01:31:09.529245+00:00
Duration: 1.16 seconds
Extracted date: 2025-12-11
Skip: true
Status: success

Running BCB Pipeline
Start (UTC): 2025-12-11 01:46:00.645599+00:00
End (UTC): 2025-12-11 01:46:02.027558+00:00
Duration: 1.38 seconds
Extracted date: 2025-12-11
Skip: true
Status: success

Running BCB Pipeline
Start (UTC): 2025-12-11 02:01:20.383995+00:00
End (UTC): 2025-12-11 02:01:21.619422+00:00
Duration: 1.24 seconds
Extracted date: 2025-12-11
Skip: true
Status: success

Running BCB Pipeline
Start (UTC): 2025-12-11 02:16:03.488323+00:00
End (UTC): 2025-12-11 02:16:04.926495+00:00
Duration: 1.44 seconds
Extracted date: 2025-12-11
Skip: true
Status: success

Running BCB Pipeline
Start (UTC): 2025-12-11 02:31:10.026659+00:00
End (UTC): 2025-12-11 02:31:11.232205+00:00
Duration: 1.21 seconds
Extracted date: 2025-12-11
Skip: true
Status: success

Running BCB Pipeline
Start (UTC): 2025-12-11 02:46:01.097230+00:00
End (UTC): 2025-12-11 02:46:02.286887+00:00
Duration: 1.19 seconds
Extracted date: 2025-12-11
Skip: true
Status: success

Running BCB Pipeline
Start (UTC): 2025-12-11 03:01:23.652291+00:00
End (UTC): 2025-12-11 03:01:25.064468+00:00
Duration: 1.41 seconds
Extracted date: 2025-12-11
Skip: true
Status: success

Running BCB Pipeline
Start (UTC): 2025-12-11 03:16:03.838587+00:00
End (UTC): 2025-12-11 03:16:05.011698+00:00
Duration: 1.17 seconds
Extracted date: 2025-12-11
Skip: true
Status: success

Running BCB Pipeline
Start (UTC): 2025-12-11 03:31:08.924544+00:00
End (UTC): 2025-12-11 03:31:10.106019+00:00
Duration: 1.18 seconds
Extracted date: 2025-12-11
Skip: true
Status: success

Running BCB Pipeline
Start (UTC): 2025-12-11 03:46:00.009594+00:00
End (UTC): 2025-12-11 03:46:01.176552+00:00
Duration: 1.17 seconds
Extracted date: 2025-12-11
Skip: true
Status: success

Running BCB Pipeline
Start (UTC): 2025-12-11 04:01:18.321585+00:00
End (UTC): 2025-12-11 04:01:19.949426+00:00
Duration: 1.63 seconds
Extracted date: 2025-12-11
Skip: true
Status: success

Running BCB Pipeline
Start (UTC): 2025-12-11 04:16:04.232117+00:00
End (UTC): 2025-12-11 04:16:05.437894+00:00
Duration: 1.21 seconds
Extracted date: 2025-12-11
Skip: true
Status: success

Running BCB Pipeline
Start (UTC): 2025-12-11 04:31:07.417148+00:00
End (UTC): 2025-12-11 04:31:08.626300+00:00
Duration: 1.21 seconds
Extracted date: 2025-12-11
Skip: true
Status: success

Running BCB Pipeline
Start (UTC): 2025-12-11 04:46:02.239981+00:00
End (UTC): 2025-12-11 04:46:03.352614+00:00
Duration: 1.11 seconds
Extracted date: 2025-12-11
Skip: true
Status: success

Running BCB Pipeline
Start (UTC): 2025-12-11 05:01:23.556731+00:00
End (UTC): 2025-12-11 05:01:24.899432+00:00
Duration: 1.34 seconds
Extracted date: 2025-12-11
Skip: true
Status: success

Running BCB Pipeline
Start (UTC): 2025-12-11 05:16:01.140441+00:00
End (UTC): 2025-12-11 05:16:02.273857+00:00
Duration: 1.13 seconds
Extracted date: 2025-12-11
Skip: true
Status: success

Running BCB Pipeline
Start (UTC): 2025-12-11 05:31:11.394415+00:00
End (UTC): 2025-12-11 05:31:12.571262+00:00
Duration: 1.18 seconds
Extracted date: 2025-12-11
Skip: true
Status: success

Running BCB Pipeline
Start (UTC): 2025-12-11 05:46:03.133113+00:00
End (UTC): 2025-12-11 05:46:04.464235+00:00
Duration: 1.33 seconds
Extracted date: 2025-12-11
Skip: true
Status: success

Running BCB Pipeline
Start (UTC): 2025-12-11 06:01:18.524577+00:00
End (UTC): 2025-12-11 06:01:19.715265+00:00
Duration: 1.19 seconds
Extracted date: 2025-12-11
Skip: true
Status: success

Running BCB Pipeline
Start (UTC): 2025-12-11 06:16:01.839438+00:00
End (UTC): 2025-12-11 06:16:03.187689+00:00
Duration: 1.35 seconds
Extracted date: 2025-12-11
Skip: true
Status: success

Running BCB Pipeline
Start (UTC): 2025-12-11 06:31:10.509031+00:00
End (UTC): 2025-12-11 06:31:11.757387+00:00
Duration: 1.25 seconds
Extracted date: 2025-12-11
Skip: true
Status: success

Running BCB Pipeline
Start (UTC): 2025-12-11 06:46:05.027845+00:00
End (UTC): 2025-12-11 06:46:06.521868+00:00
Duration: 1.49 seconds
Extracted date: 2025-12-11
Skip: true
Status: success

Running BCB Pipeline
Start (UTC): 2025-12-11 07:01:21.957116+00:00
End (UTC): 2025-12-11 07:01:23.038172+00:00
Duration: 1.08 seconds
Extracted date: 2025-12-11
Skip: true
Status: success

Running BCB Pipeline
Start (UTC): 2025-12-11 07:16:03.373595+00:00
End (UTC): 2025-12-11 07:16:04.676226+00:00
Duration: 1.3 seconds
Extracted date: 2025-12-11
Skip: true
Status: success

Running BCB Pipeline
Start (UTC): 2025-12-11 07:31:18.338812+00:00
End (UTC): 2025-12-11 07:31:19.674781+00:00
Duration: 1.34 seconds
Extracted date: 2025-12-11
Skip: true
Status: success

Running BCB Pipeline
Start (UTC): 2025-12-11 07:46:10.638804+00:00
End (UTC): 2025-12-11 07:46:11.918676+00:00
Duration: 1.28 seconds
Extracted date: 2025-12-11
Skip: true
Status: success

Running BCB Pipeline
Start (UTC): 2025-12-11 08:01:23.612105+00:00
End (UTC): 2025-12-11 08:01:24.732872+00:00
Duration: 1.12 seconds
Extracted date: 2025-12-11
Skip: true
Status: success

Running BCB Pipeline
Start (UTC): 2025-12-11 08:16:00.944716+00:00
End (UTC): 2025-12-11 08:16:02.090520+00:00
Duration: 1.15 seconds
Extracted date: 2025-12-11
Skip: true
Status: success

Running BCB Pipeline
Start (UTC): 2025-12-11 08:31:10.238519+00:00
End (UTC): 2025-12-11 08:31:11.494295+00:00
Duration: 1.26 seconds
Extracted date: 2025-12-11
Skip: true
Status: success
