
Running BCB Pipeline
Start (UTC): 2025-12-18 00:01:34.664618+00:00
End (UTC): 2025-12-18 00:01:35.848418+00:00
Duration: 1.18 seconds
Extracted date: 2025-12-18
Skip: true
Status: success

Running BCB Pipeline
Start (UTC): 2025-12-18 00:16:14.694978+00:00
End (UTC): 2025-12-18 00:16:15.929695+00:00
Duration: 1.23 seconds
Extracted date: 2025-12-18
Skip: true
Status: success

Running BCB Pipeline
Start (UTC): 2025-12-18 00:31:25.653787+00:00
End (UTC): 2025-12-18 00:31:26.821805+00:00
Duration: 1.17 seconds
Extracted date: 2025-12-18
Skip: true
Status: success

Running BCB Pipeline
Start (UTC): 2025-12-18 00:46:16.500057+00:00
End (UTC): 2025-12-18 00:46:17.600692+00:00
Duration: 1.1 seconds
Extracted date: 2025-12-18
Skip: true
Status: success

Running BCB Pipeline
Start (UTC): 2025-12-18 01:01:36.913861+00:00
End (UTC): 2025-12-18 01:01:38.140581+00:00
Duration: 1.23 seconds
Extracted date: 2025-12-18
Skip: true
Status: success
