
Running BCB Pipeline
Start (UTC): 2025-12-10 00:01:24.089149+00:00
End (UTC): 2025-12-10 00:01:25.190807+00:00
Duration: 1.1 seconds
Extracted date: 2025-12-10
Skip: true
Status: success

Running BCB Pipeline
Start (UTC): 2025-12-10 00:16:01.604752+00:00
End (UTC): 2025-12-10 00:16:02.837380+00:00
Duration: 1.23 seconds
Extracted date: 2025-12-10
Skip: true
Status: success

Running BCB Pipeline
Start (UTC): 2025-12-10 00:31:08.867912+00:00
End (UTC): 2025-12-10 00:31:10.210066+00:00
Duration: 1.34 seconds
Extracted date: 2025-12-10
Skip: true
Status: success

Running BCB Pipeline
Start (UTC): 2025-12-10 00:46:05.360222+00:00
End (UTC): 2025-12-10 00:46:06.550048+00:00
Duration: 1.19 seconds
Extracted date: 2025-12-10
Skip: true
Status: success

Running BCB Pipeline
Start (UTC): 2025-12-10 01:01:23.407411+00:00
End (UTC): 2025-12-10 01:01:24.604567+00:00
Duration: 1.2 seconds
Extracted date: 2025-12-10
Skip: true
Status: success

Running BCB Pipeline
Start (UTC): 2025-12-10 01:15:59.309102+00:00
End (UTC): 2025-12-10 01:16:00.504443+00:00
Duration: 1.2 seconds
Extracted date: 2025-12-10
Skip: true
Status: success
