
Running BCB Pipeline
Start (UTC): 2025-12-29 00:02:10.439213+00:00
End (UTC): 2025-12-29 00:02:11.566399+00:00
Duration: 1.13 seconds
Extracted date: 2025-12-29
Skip: true
Status: success

Running BCB Pipeline
Start (UTC): 2025-12-29 00:16:44.585009+00:00
End (UTC): 2025-12-29 00:16:45.899321+00:00
Duration: 1.31 seconds
Extracted date: 2025-12-29
Skip: true
Status: success

Running BCB Pipeline
Start (UTC): 2025-12-29 00:31:47.870350+00:00
End (UTC): 2025-12-29 00:31:49.178970+00:00
Duration: 1.31 seconds
Extracted date: 2025-12-29
Skip: true
Status: success

Running BCB Pipeline
Start (UTC): 2025-12-29 00:46:41.683814+00:00
End (UTC): 2025-12-29 00:46:42.829503+00:00
Duration: 1.15 seconds
Extracted date: 2025-12-29
Skip: true
Status: success
