
Running BCB Pipeline
Start (UTC): 2025-12-28 00:02:01.289708+00:00
End (UTC): 2025-12-28 00:02:02.413880+00:00
Duration: 1.12 seconds
Extracted date: 2025-12-29
Skip: true
Status: success

Running BCB Pipeline
Start (UTC): 2025-12-28 00:16:40.294669+00:00
End (UTC): 2025-12-28 00:16:41.427834+00:00
Duration: 1.13 seconds
Extracted date: 2025-12-29
Skip: true
Status: success

Running BCB Pipeline
Start (UTC): 2025-12-28 00:31:50.042347+00:00
End (UTC): 2025-12-28 00:31:51.278974+00:00
Duration: 1.24 seconds
Extracted date: 2025-12-29
Skip: true
Status: success

Running BCB Pipeline
Start (UTC): 2025-12-28 00:46:38.707297+00:00
End (UTC): 2025-12-28 00:46:40.093427+00:00
Duration: 1.39 seconds
Extracted date: 2025-12-29
Skip: true
Status: success

Running BCB Pipeline
Start (UTC): 2025-12-28 01:01:53.955314+00:00
End (UTC): 2025-12-28 01:01:55.100919+00:00
Duration: 1.15 seconds
Extracted date: 2025-12-29
Skip: true
Status: success

Running BCB Pipeline
Start (UTC): 2025-12-28 01:16:40.875988+00:00
End (UTC): 2025-12-28 01:16:42.006111+00:00
Duration: 1.13 seconds
Extracted date: 2025-12-29
Skip: true
Status: success

Running BCB Pipeline
Start (UTC): 2025-12-28 01:31:44.523672+00:00
End (UTC): 2025-12-28 01:31:45.954064+00:00
Duration: 1.43 seconds
Extracted date: 2025-12-29
Skip: true
Status: success

Running BCB Pipeline
Start (UTC): 2025-12-28 01:46:37.967208+00:00
End (UTC): 2025-12-28 01:46:39.045865+00:00
Duration: 1.08 seconds
Extracted date: 2025-12-29
Skip: true
Status: success

Running BCB Pipeline
Start (UTC): 2025-12-28 02:01:55.137016+00:00
End (UTC): 2025-12-28 02:01:56.838804+00:00
Duration: 1.7 seconds
Extracted date: 2025-12-29
Skip: true
Status: success

Running BCB Pipeline
Start (UTC): 2025-12-28 02:16:39.218929+00:00
End (UTC): 2025-12-28 02:16:40.517374+00:00
Duration: 1.3 seconds
Extracted date: 2025-12-29
Skip: true
Status: success

Running BCB Pipeline
Start (UTC): 2025-12-28 02:31:51.501031+00:00
End (UTC): 2025-12-28 02:31:52.974671+00:00
Duration: 1.47 seconds
Extracted date: 2025-12-29
Skip: true
Status: success

Running BCB Pipeline
Start (UTC): 2025-12-28 02:46:36.016525+00:00
End (UTC): 2025-12-28 02:46:37.227258+00:00
Duration: 1.21 seconds
Extracted date: 2025-12-29
Skip: true
Status: success
