
Running BCB Pipeline
Start (UTC): 2025-12-12 00:01:18.949142+00:00
End (UTC): 2025-12-12 00:01:20.279377+00:00
Duration: 1.33 seconds
Extracted date: 2025-12-12
Skip: true
Status: success

Running BCB Pipeline
Start (UTC): 2025-12-12 00:16:07.280158+00:00
End (UTC): 2025-12-12 00:16:08.593450+00:00
Duration: 1.31 seconds
Extracted date: 2025-12-12
Skip: true
Status: success

Running BCB Pipeline
Start (UTC): 2025-12-12 00:31:15.525151+00:00
End (UTC): 2025-12-12 00:31:16.617801+00:00
Duration: 1.09 seconds
Extracted date: 2025-12-12
Skip: true
Status: success
