
Running BCB Pipeline
Start (UTC): 2025-12-30 00:02:06.042268+00:00
End (UTC): 2025-12-30 00:02:07.226029+00:00
Duration: 1.18 seconds
Extracted date: 2025-12-30
Skip: true
Status: success

Running BCB Pipeline
Start (UTC): 2025-12-30 00:16:57.910270+00:00
End (UTC): 2025-12-30 00:16:59.209030+00:00
Duration: 1.3 seconds
Extracted date: 2025-12-30
Skip: true
Status: success

Running BCB Pipeline
Start (UTC): 2025-12-30 00:31:53.581060+00:00
End (UTC): 2025-12-30 00:31:54.678556+00:00
Duration: 1.1 seconds
Extracted date: 2025-12-30
Skip: true
Status: success

Running BCB Pipeline
Start (UTC): 2025-12-30 00:46:45.234453+00:00
End (UTC): 2025-12-30 00:46:46.916423+00:00
Duration: 1.68 seconds
Extracted date: 2025-12-30
Skip: true
Status: success

Running BCB Pipeline
Start (UTC): 2025-12-30 01:02:05.234322+00:00
End (UTC): 2025-12-30 01:02:06.313283+00:00
Duration: 1.08 seconds
Extracted date: 2025-12-30
Skip: true
Status: success

Running BCB Pipeline
Start (UTC): 2025-12-30 01:16:39.146335+00:00
End (UTC): 2025-12-30 01:16:40.306912+00:00
Duration: 1.16 seconds
Extracted date: 2025-12-30
Skip: true
Status: success

Running BCB Pipeline
Start (UTC): 2025-12-30 01:31:51.145099+00:00
End (UTC): 2025-12-30 01:31:52.314932+00:00
Duration: 1.17 seconds
Extracted date: 2025-12-30
Skip: true
Status: success

Running BCB Pipeline
Start (UTC): 2025-12-30 01:46:49.835232+00:00
End (UTC): 2025-12-30 01:46:51.017498+00:00
Duration: 1.18 seconds
Extracted date: 2025-12-30
Skip: true
Status: success

Running BCB Pipeline
Start (UTC): 2025-12-30 02:02:03.947736+00:00
End (UTC): 2025-12-30 02:02:05.206785+00:00
Duration: 1.26 seconds
Extracted date: 2025-12-30
Skip: true
Status: success
