
Running BCB Pipeline
Start (UTC): 2025-12-27 00:01:57.496820+00:00
End (UTC): 2025-12-27 00:01:58.699959+00:00
Duration: 1.2 seconds
Extracted date: 2025-12-29
Skip: true
Status: success

Running BCB Pipeline
Start (UTC): 2025-12-27 00:16:39.217709+00:00
End (UTC): 2025-12-27 00:16:40.444526+00:00
Duration: 1.23 seconds
Extracted date: 2025-12-29
Skip: true
Status: success

Running BCB Pipeline
Start (UTC): 2025-12-27 00:31:43.253455+00:00
End (UTC): 2025-12-27 00:31:44.455826+00:00
Duration: 1.2 seconds
Extracted date: 2025-12-29
Skip: true
Status: success

Running BCB Pipeline
Start (UTC): 2025-12-27 00:46:35.234268+00:00
End (UTC): 2025-12-27 00:46:36.489226+00:00
Duration: 1.25 seconds
Extracted date: 2025-12-29
Skip: true
Status: success
