
Running BCB Pipeline
Start (UTC): 2025-12-22 00:01:48.348692+00:00
End (UTC): 2025-12-22 00:01:49.651332+00:00
Duration: 1.3 seconds
Extracted date: 2025-12-22
Skip: true
Status: success

Running BCB Pipeline
Start (UTC): 2025-12-22 00:16:29.659587+00:00
End (UTC): 2025-12-22 00:16:30.982053+00:00
Duration: 1.32 seconds
Extracted date: 2025-12-22
Skip: true
Status: success

Running BCB Pipeline
Start (UTC): 2025-12-22 00:31:32.919143+00:00
End (UTC): 2025-12-22 00:31:34.254987+00:00
Duration: 1.34 seconds
Extracted date: 2025-12-22
Skip: true
Status: success

Running BCB Pipeline
Start (UTC): 2025-12-22 00:46:23.286145+00:00
End (UTC): 2025-12-22 00:46:24.459176+00:00
Duration: 1.17 seconds
Extracted date: 2025-12-22
Skip: true
Status: success

Running BCB Pipeline
Start (UTC): 2025-12-22 01:01:43.253210+00:00
End (UTC): 2025-12-22 01:01:44.405445+00:00
Duration: 1.15 seconds
Extracted date: 2025-12-22
Skip: true
Status: success

Running BCB Pipeline
Start (UTC): 2025-12-22 01:16:29.001949+00:00
End (UTC): 2025-12-22 01:16:30.314690+00:00
Duration: 1.31 seconds
Extracted date: 2025-12-22
Skip: true
Status: success

Running BCB Pipeline
Start (UTC): 2025-12-22 01:31:32.884321+00:00
End (UTC): 2025-12-22 01:31:34.162091+00:00
Duration: 1.28 seconds
Extracted date: 2025-12-22
Skip: true
Status: success

Running BCB Pipeline
Start (UTC): 2025-12-22 01:46:23.965674+00:00
End (UTC): 2025-12-22 01:46:25.283228+00:00
Duration: 1.32 seconds
Extracted date: 2025-12-22
Skip: true
Status: success
