
Running BCB Pipeline
Start (UTC): 2025-12-17 00:01:29.897713+00:00
End (UTC): 2025-12-17 00:01:31.478327+00:00
Duration: 1.58 seconds
Extracted date: 2025-12-17
Skip: true
Status: success

Running BCB Pipeline
Start (UTC): 2025-12-17 00:16:14.464671+00:00
End (UTC): 2025-12-17 00:16:16.120991+00:00
Duration: 1.66 seconds
Extracted date: 2025-12-17
Skip: true
Status: success

Running BCB Pipeline
Start (UTC): 2025-12-17 00:31:15.132526+00:00
End (UTC): 2025-12-17 00:31:16.192599+00:00
Duration: 1.06 seconds
Extracted date: 2025-12-17
Skip: true
Status: success

Running BCB Pipeline
Start (UTC): 2025-12-17 00:46:10.817740+00:00
End (UTC): 2025-12-17 00:46:12.274764+00:00
Duration: 1.46 seconds
Extracted date: 2025-12-17
Skip: true
Status: success

Running BCB Pipeline
Start (UTC): 2025-12-17 01:01:31.571572+00:00
End (UTC): 2025-12-17 01:01:32.804842+00:00
Duration: 1.23 seconds
Extracted date: 2025-12-17
Skip: true
Status: success

Running BCB Pipeline
Start (UTC): 2025-12-17 01:16:07.941594+00:00
End (UTC): 2025-12-17 01:16:10.119607+00:00
Duration: 2.18 seconds
Extracted date: 2025-12-17
Skip: true
Status: success

Running BCB Pipeline
Start (UTC): 2025-12-17 01:31:17.220641+00:00
End (UTC): 2025-12-17 01:31:18.400165+00:00
Duration: 1.18 seconds
Extracted date: 2025-12-17
Skip: true
Status: success

Running BCB Pipeline
Start (UTC): 2025-12-17 01:46:06.390787+00:00
End (UTC): 2025-12-17 01:46:08.520255+00:00
Duration: 2.13 seconds
Extracted date: 2025-12-17
Skip: true
Status: success

Running BCB Pipeline
Start (UTC): 2025-12-17 02:01:33.121425+00:00
End (UTC): 2025-12-17 02:01:34.422990+00:00
Duration: 1.3 seconds
Extracted date: 2025-12-17
Skip: true
Status: success

Running BCB Pipeline
Start (UTC): 2025-12-17 02:16:10.302288+00:00
End (UTC): 2025-12-17 02:16:11.415493+00:00
Duration: 1.11 seconds
Extracted date: 2025-12-17
Skip: true
Status: success

Running BCB Pipeline
Start (UTC): 2025-12-17 02:31:23.327333+00:00
End (UTC): 2025-12-17 02:31:24.686632+00:00
Duration: 1.36 seconds
Extracted date: 2025-12-17
Skip: true
Status: success

Running BCB Pipeline
Start (UTC): 2025-12-17 02:46:06.953525+00:00
End (UTC): 2025-12-17 02:46:08.522412+00:00
Duration: 1.57 seconds
Extracted date: 2025-12-17
Skip: true
Status: success

Running BCB Pipeline
Start (UTC): 2025-12-17 03:01:35.249512+00:00
End (UTC): 2025-12-17 03:01:36.553915+00:00
Duration: 1.3 seconds
Extracted date: 2025-12-17
Skip: true
Status: success
