
Running BCB Pipeline
Start (UTC): 2025-12-21 00:01:42.808339+00:00
End (UTC): 2025-12-21 00:01:43.975368+00:00
Duration: 1.17 seconds
Extracted date: 2025-12-22
Skip: true
Status: success

Running BCB Pipeline
Start (UTC): 2025-12-21 00:16:24.622797+00:00
End (UTC): 2025-12-21 00:16:25.950047+00:00
Duration: 1.33 seconds
Extracted date: 2025-12-22
Skip: true
Status: success

Running BCB Pipeline
Start (UTC): 2025-12-21 00:31:36.146124+00:00
End (UTC): 2025-12-21 00:31:37.495441+00:00
Duration: 1.35 seconds
Extracted date: 2025-12-22
Skip: true
Status: success
