
Running BCB Pipeline
Start (UTC): 2025-12-19 00:01:38.497505+00:00
End (UTC): 2025-12-19 00:01:40.169004+00:00
Duration: 1.67 seconds
Extracted date: 2025-12-19
Skip: true
Status: success

Running BCB Pipeline
Start (UTC): 2025-12-19 00:16:20.723363+00:00
End (UTC): 2025-12-19 00:16:21.877226+00:00
Duration: 1.15 seconds
Extracted date: 2025-12-19
Skip: true
Status: success

Running BCB Pipeline
Start (UTC): 2025-12-19 00:31:32.200793+00:00
End (UTC): 2025-12-19 00:31:33.359901+00:00
Duration: 1.16 seconds
Extracted date: 2025-12-19
Skip: true
Status: success

Running BCB Pipeline
Start (UTC): 2025-12-19 00:46:21.366476+00:00
End (UTC): 2025-12-19 00:46:22.555951+00:00
Duration: 1.19 seconds
Extracted date: 2025-12-19
Skip: true
Status: success
