
Running Binance Pipeline
Start (UTC): 2025-12-27 00:01:29.572135+00:00
End (UTC): 2025-12-27 00:01:57.496534+00:00
Duration: 27.92 seconds
Status: success

Running Binance Pipeline
Start (UTC): 2025-12-27 00:16:09.078333+00:00
End (UTC): 2025-12-27 00:16:39.217463+00:00
Duration: 30.14 seconds
Status: success

Running Binance Pipeline
Start (UTC): 2025-12-27 00:31:15.848600+00:00
End (UTC): 2025-12-27 00:31:43.253245+00:00
Duration: 27.4 seconds
Status: success

Running Binance Pipeline
Start (UTC): 2025-12-27 00:46:07.155049+00:00
End (UTC): 2025-12-27 00:46:35.233964+00:00
Duration: 28.08 seconds
Status: success

Running Binance Pipeline
Start (UTC): 2025-12-27 01:01:32.670280+00:00
End (UTC): 2025-12-27 01:01:59.241127+00:00
Duration: 26.57 seconds
Status: success

Running Binance Pipeline
Start (UTC): 2025-12-27 01:16:07.475378+00:00
End (UTC): 2025-12-27 01:16:34.991566+00:00
Duration: 27.52 seconds
Status: success

Running Binance Pipeline
Start (UTC): 2025-12-27 01:31:14.416043+00:00
End (UTC): 2025-12-27 01:31:42.705625+00:00
Duration: 28.29 seconds
Status: success

Running Binance Pipeline
Start (UTC): 2025-12-27 01:46:09.335475+00:00
End (UTC): 2025-12-27 01:46:37.161306+00:00
Duration: 27.83 seconds
Status: success

Running Binance Pipeline
Start (UTC): 2025-12-27 02:01:25.217777+00:00
End (UTC): 2025-12-27 02:01:53.044825+00:00
Duration: 27.83 seconds
Status: success

Running Binance Pipeline
Start (UTC): 2025-12-27 02:16:09.287224+00:00
End (UTC): 2025-12-27 02:16:37.498402+00:00
Duration: 28.21 seconds
Status: success

Running Binance Pipeline
Start (UTC): 2025-12-27 02:31:17.334310+00:00
End (UTC): 2025-12-27 02:31:44.497599+00:00
Duration: 27.16 seconds
Status: success

Running Binance Pipeline
Start (UTC): 2025-12-27 02:46:06.900462+00:00
End (UTC): 2025-12-27 02:46:33.002757+00:00
Duration: 26.1 seconds
Status: success

Running Binance Pipeline
Start (UTC): 2025-12-27 03:01:30.502585+00:00
End (UTC): 2025-12-27 03:01:55.724417+00:00
Duration: 25.22 seconds
Status: success

Running Binance Pipeline
Start (UTC): 2025-12-27 03:16:13.520024+00:00
End (UTC): 2025-12-27 03:16:41.754149+00:00
Duration: 28.23 seconds
Status: success

Running Binance Pipeline
Start (UTC): 2025-12-27 03:31:20.480979+00:00
End (UTC): 2025-12-27 03:31:48.998244+00:00
Duration: 28.52 seconds
Status: success

Running Binance Pipeline
Start (UTC): 2025-12-27 03:46:08.872926+00:00
End (UTC): 2025-12-27 03:46:35.268293+00:00
Duration: 26.4 seconds
Status: success

Running Binance Pipeline
Start (UTC): 2025-12-27 04:01:26.240492+00:00
End (UTC): 2025-12-27 04:01:54.511526+00:00
Duration: 28.27 seconds
Status: success

Running Binance Pipeline
Start (UTC): 2025-12-27 04:16:10.674906+00:00
End (UTC): 2025-12-27 04:16:38.673292+00:00
Duration: 28.0 seconds
Status: success

Running Binance Pipeline
Start (UTC): 2025-12-27 04:31:17.276733+00:00
End (UTC): 2025-12-27 04:31:45.138523+00:00
Duration: 27.86 seconds
Status: success

Running Binance Pipeline
Start (UTC): 2025-12-27 04:46:07.082307+00:00
End (UTC): 2025-12-27 04:46:35.280418+00:00
Duration: 28.2 seconds
Status: success

Running Binance Pipeline
Start (UTC): 2025-12-27 05:01:27.086723+00:00
End (UTC): 2025-12-27 05:01:55.000836+00:00
Duration: 27.91 seconds
Status: success
