
Running Binance Pipeline
Start (UTC): 2025-12-25 00:01:23.235933+00:00
End (UTC): 2025-12-25 00:01:49.950305+00:00
Duration: 26.71 seconds
Status: success

Running Binance Pipeline
Start (UTC): 2025-12-25 00:16:07.895312+00:00
End (UTC): 2025-12-25 00:16:32.707227+00:00
Duration: 24.81 seconds
Status: success

Running Binance Pipeline
Start (UTC): 2025-12-25 00:31:14.207725+00:00
End (UTC): 2025-12-25 00:31:38.900894+00:00
Duration: 24.69 seconds
Status: success

Running Binance Pipeline
Start (UTC): 2025-12-25 00:46:07.597933+00:00
End (UTC): 2025-12-25 00:46:32.552658+00:00
Duration: 24.95 seconds
Status: success

Running Binance Pipeline
Start (UTC): 2025-12-25 01:01:20.157569+00:00
End (UTC): 2025-12-25 01:01:47.910570+00:00
Duration: 27.75 seconds
Status: success

Running Binance Pipeline
Start (UTC): 2025-12-25 01:16:07.444320+00:00
End (UTC): 2025-12-25 01:16:37.872257+00:00
Duration: 30.43 seconds
Status: success

Running Binance Pipeline
Start (UTC): 2025-12-25 01:31:08.179839+00:00
End (UTC): 2025-12-25 01:31:35.401234+00:00
Duration: 27.22 seconds
Status: success

Running Binance Pipeline
Start (UTC): 2025-12-25 01:46:03.412877+00:00
End (UTC): 2025-12-25 01:46:28.160207+00:00
Duration: 24.75 seconds
Status: success

Running Binance Pipeline
Start (UTC): 2025-12-25 02:01:21.564730+00:00
End (UTC): 2025-12-25 02:01:49.534440+00:00
Duration: 27.97 seconds
Status: success

Running Binance Pipeline
Start (UTC): 2025-12-25 02:16:02.940706+00:00
End (UTC): 2025-12-25 02:16:30.711748+00:00
Duration: 27.77 seconds
Status: success

Running Binance Pipeline
Start (UTC): 2025-12-25 02:31:10.551599+00:00
End (UTC): 2025-12-25 02:31:36.547850+00:00
Duration: 26.0 seconds
Status: success

Running Binance Pipeline
Start (UTC): 2025-12-25 02:46:04.371423+00:00
End (UTC): 2025-12-25 02:46:32.125610+00:00
Duration: 27.75 seconds
Status: success
