
Running Binance Pipeline
Start (UTC): 2025-12-29 00:01:42.491970+00:00
End (UTC): 2025-12-29 00:02:10.438950+00:00
Duration: 27.95 seconds
Status: success

Running Binance Pipeline
Start (UTC): 2025-12-29 00:16:17.933104+00:00
End (UTC): 2025-12-29 00:16:44.584821+00:00
Duration: 26.65 seconds
Status: success

Running Binance Pipeline
Start (UTC): 2025-12-29 00:31:19.528084+00:00
End (UTC): 2025-12-29 00:31:47.870129+00:00
Duration: 28.34 seconds
Status: success

Running Binance Pipeline
Start (UTC): 2025-12-29 00:46:13.548730+00:00
End (UTC): 2025-12-29 00:46:41.683577+00:00
Duration: 28.13 seconds
Status: success
