
Running Binance Pipeline
Start (UTC): 2025-12-19 00:01:14.609738+00:00
End (UTC): 2025-12-19 00:01:38.497265+00:00
Duration: 23.89 seconds
Status: success

Running Binance Pipeline
Start (UTC): 2025-12-19 00:15:54.002169+00:00
End (UTC): 2025-12-19 00:16:20.723139+00:00
Duration: 26.72 seconds
Status: success

Running Binance Pipeline
Start (UTC): 2025-12-19 00:31:06.922406+00:00
End (UTC): 2025-12-19 00:31:32.200588+00:00
Duration: 25.28 seconds
Status: success

Running Binance Pipeline
Start (UTC): 2025-12-19 00:45:56.071185+00:00
End (UTC): 2025-12-19 00:46:21.366277+00:00
Duration: 25.3 seconds
Status: success

Running Binance Pipeline
Start (UTC): 2025-12-19 01:01:19.290349+00:00
End (UTC): 2025-12-19 01:01:43.104317+00:00
Duration: 23.81 seconds
Status: success

Running Binance Pipeline
Start (UTC): 2025-12-19 01:15:56.024765+00:00
End (UTC): 2025-12-19 01:16:19.936764+00:00
Duration: 23.91 seconds
Status: success

Running Binance Pipeline
Start (UTC): 2025-12-19 01:31:01.315509+00:00
End (UTC): 2025-12-19 01:31:28.316789+00:00
Duration: 27.0 seconds
Status: success

Running Binance Pipeline
Start (UTC): 2025-12-19 01:45:53.355705+00:00
End (UTC): 2025-12-19 01:46:18.686060+00:00
Duration: 25.33 seconds
Status: success

Running Binance Pipeline
Start (UTC): 2025-12-19 02:01:15.056135+00:00
End (UTC): 2025-12-19 02:01:39.976742+00:00
Duration: 24.92 seconds
Status: success
