
Running Binance Pipeline
Start (UTC): 2025-12-12 00:00:55.540439+00:00
End (UTC): 2025-12-12 00:01:18.948916+00:00
Duration: 23.41 seconds
Status: success

Running Binance Pipeline
Start (UTC): 2025-12-12 00:15:40.387476+00:00
End (UTC): 2025-12-12 00:16:07.279919+00:00
Duration: 26.89 seconds
Status: success

Running Binance Pipeline
Start (UTC): 2025-12-12 00:30:49.492557+00:00
End (UTC): 2025-12-12 00:31:15.524945+00:00
Duration: 26.03 seconds
Status: success

Running Binance Pipeline
Start (UTC): 2025-12-12 00:45:35.763390+00:00
End (UTC): 2025-12-12 00:46:02.348546+00:00
Duration: 26.59 seconds
Status: success

Running Binance Pipeline
Start (UTC): 2025-12-12 01:01:00.881889+00:00
End (UTC): 2025-12-12 01:01:26.769259+00:00
Duration: 25.89 seconds
Status: success

Running Binance Pipeline
Start (UTC): 2025-12-12 01:15:39.016331+00:00
End (UTC): 2025-12-12 01:16:04.745895+00:00
Duration: 25.73 seconds
Status: success

Running Binance Pipeline
Start (UTC): 2025-12-12 01:30:46.975132+00:00
End (UTC): 2025-12-12 01:31:11.341524+00:00
Duration: 24.37 seconds
Status: success
