
Running Binance Pipeline
Start (UTC): 2025-12-26 00:01:23.750958+00:00
End (UTC): 2025-12-26 00:01:52.199831+00:00
Duration: 28.45 seconds
Status: success

Running Binance Pipeline
Start (UTC): 2025-12-26 00:16:10.445801+00:00
End (UTC): 2025-12-26 00:16:35.542673+00:00
Duration: 25.1 seconds
Status: success

Running Binance Pipeline
Start (UTC): 2025-12-26 00:31:18.335999+00:00
End (UTC): 2025-12-26 00:31:46.759634+00:00
Duration: 28.42 seconds
Status: success

Running Binance Pipeline
Start (UTC): 2025-12-26 00:46:05.862227+00:00
End (UTC): 2025-12-26 00:46:32.186057+00:00
Duration: 26.32 seconds
Status: success

Running Binance Pipeline
Start (UTC): 2025-12-26 01:01:30.725125+00:00
End (UTC): 2025-12-26 01:01:58.841606+00:00
Duration: 28.12 seconds
Status: success

Running Binance Pipeline
Start (UTC): 2025-12-26 01:16:10.150064+00:00
End (UTC): 2025-12-26 01:16:35.289108+00:00
Duration: 25.14 seconds
Status: success

Running Binance Pipeline
Start (UTC): 2025-12-26 01:31:15.568518+00:00
End (UTC): 2025-12-26 01:31:40.596144+00:00
Duration: 25.03 seconds
Status: success

Running Binance Pipeline
Start (UTC): 2025-12-26 01:46:04.701355+00:00
End (UTC): 2025-12-26 01:46:31.350602+00:00
Duration: 26.65 seconds
Status: success

Running Binance Pipeline
Start (UTC): 2025-12-26 02:01:24.408173+00:00
End (UTC): 2025-12-26 02:01:52.604997+00:00
Duration: 28.2 seconds
Status: success
