
Running Binance Pipeline
Start (UTC): 2025-12-08 00:00:56.442536+00:00
End (UTC): 2025-12-08 00:01:18.950508+00:00
Duration: 22.51 seconds
Status: success

Running Binance Pipeline
Start (UTC): 2025-12-08 00:15:38.052951+00:00
End (UTC): 2025-12-08 00:16:03.121744+00:00
Duration: 25.07 seconds
Status: success

Running Binance Pipeline
Start (UTC): 2025-12-08 00:30:44.790414+00:00
End (UTC): 2025-12-08 00:31:06.946624+00:00
Duration: 22.16 seconds
Status: success

Running Binance Pipeline
Start (UTC): 2025-12-08 00:45:35.706017+00:00
End (UTC): 2025-12-08 00:45:59.108731+00:00
Duration: 23.4 seconds
Status: success

Running Binance Pipeline
Start (UTC): 2025-12-08 01:00:57.643677+00:00
End (UTC): 2025-12-08 01:01:19.761111+00:00
Duration: 22.12 seconds
Status: success
