
Running Binance Pipeline
Start (UTC): 2025-12-07 10:30:45.531313+00:00
End (UTC): 2025-12-07 10:31:10.145452+00:00
Duration: 24.61 seconds
Status: success

Running Binance Pipeline
Start (UTC): 2025-12-07 10:45:34.780944+00:00
End (UTC): 2025-12-07 10:45:56.671941+00:00
Duration: 21.89 seconds
Status: success

Running Binance Pipeline
Start (UTC): 2025-12-07 11:00:53.584190+00:00
End (UTC): 2025-12-07 11:01:16.805005+00:00
Duration: 23.22 seconds
Status: success

Running Binance Pipeline
Start (UTC): 2025-12-07 11:15:38.998281+00:00
End (UTC): 2025-12-07 11:16:04.215708+00:00
Duration: 25.22 seconds
Status: success
