
Running Binance Pipeline
Start (UTC): 2025-12-15 00:01:07.067576+00:00
End (UTC): 2025-12-15 00:01:32.245631+00:00
Duration: 25.18 seconds
Status: success

Running Binance Pipeline
Start (UTC): 2025-12-15 00:15:49.987311+00:00
End (UTC): 2025-12-15 00:16:14.763462+00:00
Duration: 24.78 seconds
Status: success

Running Binance Pipeline
Start (UTC): 2025-12-15 00:30:57.331676+00:00
End (UTC): 2025-12-15 00:31:24.270354+00:00
Duration: 26.94 seconds
Status: success

Running Binance Pipeline
Start (UTC): 2025-12-15 00:45:45.628679+00:00
End (UTC): 2025-12-15 00:46:12.139738+00:00
Duration: 26.51 seconds
Status: success

Running Binance Pipeline
Start (UTC): 2025-12-15 01:01:07.687964+00:00
End (UTC): 2025-12-15 01:01:35.090870+00:00
Duration: 27.4 seconds
Status: success

Running Binance Pipeline
Start (UTC): 2025-12-15 01:15:46.518876+00:00
End (UTC): 2025-12-15 01:16:13.610118+00:00
Duration: 27.09 seconds
Status: success

Running Binance Pipeline
Start (UTC): 2025-12-15 01:30:54.962927+00:00
End (UTC): 2025-12-15 01:31:19.675754+00:00
Duration: 24.71 seconds
Status: success

Running Binance Pipeline
Start (UTC): 2025-12-15 01:45:49.171123+00:00
End (UTC): 2025-12-15 01:46:15.457485+00:00
Duration: 26.29 seconds
Status: success
