
Running Binance Pipeline
Start (UTC): 2025-12-10 00:00:59.076857+00:00
End (UTC): 2025-12-10 00:01:24.088947+00:00
Duration: 25.01 seconds
Status: success

Running Binance Pipeline
Start (UTC): 2025-12-10 00:15:37.605597+00:00
End (UTC): 2025-12-10 00:16:01.604591+00:00
Duration: 24.0 seconds
Status: success

Running Binance Pipeline
Start (UTC): 2025-12-10 00:30:46.808058+00:00
End (UTC): 2025-12-10 00:31:08.867756+00:00
Duration: 22.06 seconds
Status: success

Running Binance Pipeline
Start (UTC): 2025-12-10 00:45:40.616462+00:00
End (UTC): 2025-12-10 00:46:05.360066+00:00
Duration: 24.74 seconds
Status: success

Running Binance Pipeline
Start (UTC): 2025-12-10 01:00:59.065941+00:00
End (UTC): 2025-12-10 01:01:23.407221+00:00
Duration: 24.34 seconds
Status: success
