
Running Binance Pipeline
Start (UTC): 2025-12-30 00:01:39.013765+00:00
End (UTC): 2025-12-30 00:02:06.041979+00:00
Duration: 27.03 seconds
Status: success

Running Binance Pipeline
Start (UTC): 2025-12-30 00:16:28.923427+00:00
End (UTC): 2025-12-30 00:16:57.910069+00:00
Duration: 28.99 seconds
Status: success

Running Binance Pipeline
Start (UTC): 2025-12-30 00:31:25.677514+00:00
End (UTC): 2025-12-30 00:31:53.580846+00:00
Duration: 27.9 seconds
Status: success

Running Binance Pipeline
Start (UTC): 2025-12-30 00:46:19.604957+00:00
End (UTC): 2025-12-30 00:46:45.234225+00:00
Duration: 25.63 seconds
Status: success

Running Binance Pipeline
Start (UTC): 2025-12-30 01:01:37.074672+00:00
End (UTC): 2025-12-30 01:02:05.234106+00:00
Duration: 28.16 seconds
Status: success

Running Binance Pipeline
Start (UTC): 2025-12-30 01:16:12.358359+00:00
End (UTC): 2025-12-30 01:16:39.146068+00:00
Duration: 26.79 seconds
Status: success
