
Running Binance Pipeline
Start (UTC): 2025-12-21 00:01:17.645660+00:00
End (UTC): 2025-12-21 00:01:42.808045+00:00
Duration: 25.16 seconds
Status: success

Running Binance Pipeline
Start (UTC): 2025-12-21 00:16:00.415761+00:00
End (UTC): 2025-12-21 00:16:24.622572+00:00
Duration: 24.21 seconds
Status: success

Running Binance Pipeline
Start (UTC): 2025-12-21 00:31:09.500027+00:00
End (UTC): 2025-12-21 00:31:36.145891+00:00
Duration: 26.65 seconds
Status: success

Running Binance Pipeline
Start (UTC): 2025-12-21 00:45:59.827885+00:00
End (UTC): 2025-12-21 00:46:26.524339+00:00
Duration: 26.7 seconds
Status: success

Running Binance Pipeline
Start (UTC): 2025-12-21 01:01:16.271331+00:00
End (UTC): 2025-12-21 01:01:43.576775+00:00
Duration: 27.31 seconds
Status: success

Running Binance Pipeline
Start (UTC): 2025-12-21 01:15:57.677558+00:00
End (UTC): 2025-12-21 01:16:22.930276+00:00
Duration: 25.25 seconds
Status: success

Running Binance Pipeline
Start (UTC): 2025-12-21 01:31:04.976680+00:00
End (UTC): 2025-12-21 01:31:30.346064+00:00
Duration: 25.37 seconds
Status: success

Running Binance Pipeline
Start (UTC): 2025-12-21 01:45:55.919337+00:00
End (UTC): 2025-12-21 01:46:22.677946+00:00
Duration: 26.76 seconds
Status: success

Running Binance Pipeline
Start (UTC): 2025-12-21 02:01:11.759429+00:00
End (UTC): 2025-12-21 02:01:37.469969+00:00
Duration: 25.71 seconds
Status: success

Running Binance Pipeline
Start (UTC): 2025-12-21 02:15:56.058122+00:00
End (UTC): 2025-12-21 02:16:21.446257+00:00
Duration: 25.39 seconds
Status: success

Running Binance Pipeline
Start (UTC): 2025-12-21 02:31:06.287764+00:00
End (UTC): 2025-12-21 02:31:30.684887+00:00
Duration: 24.4 seconds
Status: success

Running Binance Pipeline
Start (UTC): 2025-12-21 02:45:57.262718+00:00
End (UTC): 2025-12-21 02:46:21.695910+00:00
Duration: 24.43 seconds
Status: success

Running Binance Pipeline
Start (UTC): 2025-12-21 03:01:20.055266+00:00
End (UTC): 2025-12-21 03:01:45.517495+00:00
Duration: 25.46 seconds
Status: success

Running Binance Pipeline
Start (UTC): 2025-12-21 03:15:53.032445+00:00
End (UTC): 2025-12-21 03:16:19.887437+00:00
Duration: 26.86 seconds
Status: success

Running Binance Pipeline
Start (UTC): 2025-12-21 03:31:05.755380+00:00
End (UTC): 2025-12-21 03:31:32.760183+00:00
Duration: 27.0 seconds
Status: success

Running Binance Pipeline
Start (UTC): 2025-12-21 03:45:59.698631+00:00
End (UTC): 2025-12-21 03:46:26.965389+00:00
Duration: 27.27 seconds
Status: success

Running Binance Pipeline
Start (UTC): 2025-12-21 04:01:14.996526+00:00
End (UTC): 2025-12-21 04:01:41.527919+00:00
Duration: 26.53 seconds
Status: success

Running Binance Pipeline
Start (UTC): 2025-12-21 04:15:57.013411+00:00
End (UTC): 2025-12-21 04:16:22.630999+00:00
Duration: 25.62 seconds
Status: success

Running Binance Pipeline
Start (UTC): 2025-12-21 04:31:03.617992+00:00
End (UTC): 2025-12-21 04:31:30.304949+00:00
Duration: 26.69 seconds
Status: success

Running Binance Pipeline
Start (UTC): 2025-12-21 04:45:56.745513+00:00
End (UTC): 2025-12-21 04:46:22.069933+00:00
Duration: 25.32 seconds
Status: success

Running Binance Pipeline
Start (UTC): 2025-12-21 05:01:16.653560+00:00
End (UTC): 2025-12-21 05:01:41.225793+00:00
Duration: 24.57 seconds
Status: success

Running Binance Pipeline
Start (UTC): 2025-12-21 05:15:58.535933+00:00
End (UTC): 2025-12-21 05:16:23.792699+00:00
Duration: 25.26 seconds
Status: success

Running Binance Pipeline
Start (UTC): 2025-12-21 05:31:10.149478+00:00
End (UTC): 2025-12-21 05:31:36.987369+00:00
Duration: 26.84 seconds
Status: success

Running Binance Pipeline
Start (UTC): 2025-12-21 05:45:59.349831+00:00
End (UTC): 2025-12-21 05:46:23.916835+00:00
Duration: 24.57 seconds
Status: success

Running Binance Pipeline
Start (UTC): 2025-12-21 06:01:13.875620+00:00
End (UTC): 2025-12-21 06:01:40.807577+00:00
Duration: 26.93 seconds
Status: success

Running Binance Pipeline
Start (UTC): 2025-12-21 06:15:57.651725+00:00
End (UTC): 2025-12-21 06:16:24.661449+00:00
Duration: 27.01 seconds
Status: success
