
Running Binance Pipeline
Start (UTC): 2025-12-20 00:01:20.132957+00:00
End (UTC): 2025-12-20 00:01:45.433299+00:00
Duration: 25.3 seconds
Status: success

Running Binance Pipeline
Start (UTC): 2025-12-20 00:15:54.424162+00:00
End (UTC): 2025-12-20 00:16:21.423149+00:00
Duration: 27.0 seconds
Status: success

Running Binance Pipeline
Start (UTC): 2025-12-20 00:31:01.496621+00:00
End (UTC): 2025-12-20 00:31:26.668732+00:00
Duration: 25.17 seconds
Status: success

Running Binance Pipeline
Start (UTC): 2025-12-20 00:45:59.797263+00:00
End (UTC): 2025-12-20 00:46:24.965762+00:00
Duration: 25.17 seconds
Status: success
