
Running Binance Pipeline
Start (UTC): 2025-12-16 00:01:05.064344+00:00
End (UTC): 2025-12-16 00:01:29.377967+00:00
Duration: 24.31 seconds
Status: success

Running Binance Pipeline
Start (UTC): 2025-12-16 00:15:42.256895+00:00
End (UTC): 2025-12-16 00:16:09.292319+00:00
Duration: 27.04 seconds
Status: success

Running Binance Pipeline
Start (UTC): 2025-12-16 00:30:52.738028+00:00
End (UTC): 2025-12-16 00:31:17.424408+00:00
Duration: 24.69 seconds
Status: success

Running Binance Pipeline
Start (UTC): 2025-12-16 00:45:41.740367+00:00
End (UTC): 2025-12-16 00:46:06.052902+00:00
Duration: 24.31 seconds
Status: success

Running Binance Pipeline
Start (UTC): 2025-12-16 01:01:01.474043+00:00
End (UTC): 2025-12-16 01:01:25.101510+00:00
Duration: 23.63 seconds
Status: success

Running Binance Pipeline
Start (UTC): 2025-12-16 01:15:43.312647+00:00
End (UTC): 2025-12-16 01:16:08.938332+00:00
Duration: 25.63 seconds
Status: success

Running Binance Pipeline
Start (UTC): 2025-12-16 01:30:55.481387+00:00
End (UTC): 2025-12-16 01:31:21.440584+00:00
Duration: 25.96 seconds
Status: success

Running Binance Pipeline
Start (UTC): 2025-12-16 01:45:40.690389+00:00
End (UTC): 2025-12-16 01:46:04.156041+00:00
Duration: 23.47 seconds
Status: success

Running Binance Pipeline
Start (UTC): 2025-12-16 02:01:00.306444+00:00
End (UTC): 2025-12-16 02:01:23.597652+00:00
Duration: 23.29 seconds
Status: success

Running Binance Pipeline
Start (UTC): 2025-12-16 02:15:42.558366+00:00
End (UTC): 2025-12-16 02:16:07.352553+00:00
Duration: 24.79 seconds
Status: success

Running Binance Pipeline
Start (UTC): 2025-12-16 02:30:48.625339+00:00
End (UTC): 2025-12-16 02:31:14.954983+00:00
Duration: 26.33 seconds
Status: success
