
Running Binance Pipeline
Start (UTC): 2025-12-18 00:01:08.104700+00:00
End (UTC): 2025-12-18 00:01:34.664375+00:00
Duration: 26.56 seconds
Status: success

Running Binance Pipeline
Start (UTC): 2025-12-18 00:15:47.887271+00:00
End (UTC): 2025-12-18 00:16:14.694776+00:00
Duration: 26.81 seconds
Status: success

Running Binance Pipeline
Start (UTC): 2025-12-18 00:30:59.646328+00:00
End (UTC): 2025-12-18 00:31:25.653581+00:00
Duration: 26.01 seconds
Status: success

Running Binance Pipeline
Start (UTC): 2025-12-18 00:45:49.974413+00:00
End (UTC): 2025-12-18 00:46:16.499837+00:00
Duration: 26.53 seconds
Status: success

Running Binance Pipeline
Start (UTC): 2025-12-18 01:01:10.278457+00:00
End (UTC): 2025-12-18 01:01:36.913633+00:00
Duration: 26.64 seconds
Status: success

Running Binance Pipeline
Start (UTC): 2025-12-18 01:15:48.389294+00:00
End (UTC): 2025-12-18 01:16:14.337342+00:00
Duration: 25.95 seconds
Status: success

Running Binance Pipeline
Start (UTC): 2025-12-18 01:31:00.752158+00:00
End (UTC): 2025-12-18 01:31:25.446472+00:00
Duration: 24.69 seconds
Status: success

Running Binance Pipeline
Start (UTC): 2025-12-18 01:45:46.606339+00:00
End (UTC): 2025-12-18 01:46:16.513893+00:00
Duration: 29.91 seconds
Status: success
