
Running Binance Pipeline
Start (UTC): 2025-12-17 00:01:03.977450+00:00
End (UTC): 2025-12-17 00:01:29.897478+00:00
Duration: 25.92 seconds
Status: success

Running Binance Pipeline
Start (UTC): 2025-12-17 00:15:50.701429+00:00
End (UTC): 2025-12-17 00:16:14.464469+00:00
Duration: 23.76 seconds
Status: success

Running Binance Pipeline
Start (UTC): 2025-12-17 00:30:49.479230+00:00
End (UTC): 2025-12-17 00:31:15.132339+00:00
Duration: 25.65 seconds
Status: success

Running Binance Pipeline
Start (UTC): 2025-12-17 00:45:44.456958+00:00
End (UTC): 2025-12-17 00:46:10.817548+00:00
Duration: 26.36 seconds
Status: success
