
Running Binance Pipeline
Start (UTC): 2025-12-28 00:01:32.954542+00:00
End (UTC): 2025-12-28 00:02:01.289404+00:00
Duration: 28.33 seconds
Status: success

Running Binance Pipeline
Start (UTC): 2025-12-28 00:16:13.909211+00:00
End (UTC): 2025-12-28 00:16:40.294433+00:00
Duration: 26.39 seconds
Status: success

Running Binance Pipeline
Start (UTC): 2025-12-28 00:31:21.826881+00:00
End (UTC): 2025-12-28 00:31:50.042129+00:00
Duration: 28.22 seconds
Status: success

Running Binance Pipeline
Start (UTC): 2025-12-28 00:46:12.302042+00:00
End (UTC): 2025-12-28 00:46:38.707073+00:00
Duration: 26.41 seconds
Status: success

Running Binance Pipeline
Start (UTC): 2025-12-28 01:01:27.532288+00:00
End (UTC): 2025-12-28 01:01:53.955085+00:00
Duration: 26.42 seconds
Status: success
