
Running Binance Pipeline
Start (UTC): 2025-12-22 00:01:23.911091+00:00
End (UTC): 2025-12-22 00:01:48.348410+00:00
Duration: 24.44 seconds
Status: success

Running Binance Pipeline
Start (UTC): 2025-12-22 00:16:03.033338+00:00
End (UTC): 2025-12-22 00:16:29.659330+00:00
Duration: 26.63 seconds
Status: success

Running Binance Pipeline
Start (UTC): 2025-12-22 00:31:08.616160+00:00
End (UTC): 2025-12-22 00:31:32.918912+00:00
Duration: 24.3 seconds
Status: success

Running Binance Pipeline
Start (UTC): 2025-12-22 00:45:58.024285+00:00
End (UTC): 2025-12-22 00:46:23.285898+00:00
Duration: 25.26 seconds
Status: success

Running Binance Pipeline
Start (UTC): 2025-12-22 01:01:15.873394+00:00
End (UTC): 2025-12-22 01:01:43.252995+00:00
Duration: 27.38 seconds
Status: success

Running Binance Pipeline
Start (UTC): 2025-12-22 01:16:04.140409+00:00
End (UTC): 2025-12-22 01:16:29.001727+00:00
Duration: 24.86 seconds
Status: success

Running Binance Pipeline
Start (UTC): 2025-12-22 01:31:06.553554+00:00
End (UTC): 2025-12-22 01:31:32.884092+00:00
Duration: 26.33 seconds
Status: success

Running Binance Pipeline
Start (UTC): 2025-12-22 01:45:59.509125+00:00
End (UTC): 2025-12-22 01:46:23.965445+00:00
Duration: 24.46 seconds
Status: success

Running Binance Pipeline
Start (UTC): 2025-12-22 02:01:16.768982+00:00
End (UTC): 2025-12-22 02:01:42.063922+00:00
Duration: 25.29 seconds
Status: success

Running Binance Pipeline
Start (UTC): 2025-12-22 02:16:04.193198+00:00
End (UTC): 2025-12-22 02:16:28.810564+00:00
Duration: 24.62 seconds
Status: success

Running Binance Pipeline
Start (UTC): 2025-12-22 02:31:05.687848+00:00
End (UTC): 2025-12-22 02:31:32.868493+00:00
Duration: 27.18 seconds
Status: success

Running Binance Pipeline
Start (UTC): 2025-12-22 02:46:00.674330+00:00
End (UTC): 2025-12-22 02:46:26.444008+00:00
Duration: 25.77 seconds
Status: success

Running Binance Pipeline
Start (UTC): 2025-12-22 03:01:20.192074+00:00
End (UTC): 2025-12-22 03:01:45.985742+00:00
Duration: 25.79 seconds
Status: success

Running Binance Pipeline
Start (UTC): 2025-12-22 03:15:58.825183+00:00
End (UTC): 2025-12-22 03:16:28.778207+00:00
Duration: 29.95 seconds
Status: success

Running Binance Pipeline
Start (UTC): 2025-12-22 03:31:11.608665+00:00
End (UTC): 2025-12-22 03:31:37.019021+00:00
Duration: 25.41 seconds
Status: success

Running Binance Pipeline
Start (UTC): 2025-12-22 03:45:58.826730+00:00
End (UTC): 2025-12-22 03:46:24.527265+00:00
Duration: 25.7 seconds
Status: success

Running Binance Pipeline
Start (UTC): 2025-12-22 04:01:18.552012+00:00
End (UTC): 2025-12-22 04:01:46.009124+00:00
Duration: 27.46 seconds
Status: success

Running Binance Pipeline
Start (UTC): 2025-12-22 04:16:03.414739+00:00
End (UTC): 2025-12-22 04:16:28.366312+00:00
Duration: 24.95 seconds
Status: success

Running Binance Pipeline
Start (UTC): 2025-12-22 04:31:06.527016+00:00
End (UTC): 2025-12-22 04:31:31.058588+00:00
Duration: 24.53 seconds
Status: success

Running Binance Pipeline
Start (UTC): 2025-12-22 04:46:00.754427+00:00
End (UTC): 2025-12-22 04:46:30.777028+00:00
Duration: 30.02 seconds
Status: success

Running Binance Pipeline
Start (UTC): 2025-12-22 05:01:25.827783+00:00
End (UTC): 2025-12-22 05:01:50.085794+00:00
Duration: 24.26 seconds
Status: success

Running Binance Pipeline
Start (UTC): 2025-12-22 05:16:11.969121+00:00
End (UTC): 2025-12-22 05:16:39.094471+00:00
Duration: 27.13 seconds
Status: success

Running Binance Pipeline
Start (UTC): 2025-12-22 05:31:08.648742+00:00
End (UTC): 2025-12-22 05:31:35.997798+00:00
Duration: 27.35 seconds
Status: success

Running Binance Pipeline
Start (UTC): 2025-12-22 05:46:01.143331+00:00
End (UTC): 2025-12-22 05:46:26.542510+00:00
Duration: 25.4 seconds
Status: success

Running Binance Pipeline
Start (UTC): 2025-12-22 06:01:15.319553+00:00
End (UTC): 2025-12-22 06:01:43.217751+00:00
Duration: 27.9 seconds
Status: success

Running Binance Pipeline
Start (UTC): 2025-12-22 06:16:05.395201+00:00
End (UTC): 2025-12-22 06:16:30.814169+00:00
Duration: 25.42 seconds
Status: success

Running Binance Pipeline
Start (UTC): 2025-12-22 06:31:10.106354+00:00
End (UTC): 2025-12-22 06:31:35.832840+00:00
Duration: 25.73 seconds
Status: success

Running Binance Pipeline
Start (UTC): 2025-12-22 06:45:57.150077+00:00
End (UTC): 2025-12-22 06:46:24.643600+00:00
Duration: 27.49 seconds
Status: success

Running Binance Pipeline
Start (UTC): 2025-12-22 07:01:23.120558+00:00
End (UTC): 2025-12-22 07:01:48.861656+00:00
Duration: 25.74 seconds
Status: success

Running Binance Pipeline
Start (UTC): 2025-12-22 07:15:57.624656+00:00
End (UTC): 2025-12-22 07:16:26.135536+00:00
Duration: 28.51 seconds
Status: success

Running Binance Pipeline
Start (UTC): 2025-12-22 07:31:07.823994+00:00
End (UTC): 2025-12-22 07:31:32.871412+00:00
Duration: 25.05 seconds
Status: success

Running Binance Pipeline
Start (UTC): 2025-12-22 07:46:02.975647+00:00
End (UTC): 2025-12-22 07:46:27.550114+00:00
Duration: 24.57 seconds
Status: success

Running Binance Pipeline
Start (UTC): 2025-12-22 08:01:17.742318+00:00
End (UTC): 2025-12-22 08:01:44.182515+00:00
Duration: 26.44 seconds
Status: success

Running Binance Pipeline
Start (UTC): 2025-12-22 08:15:57.106798+00:00
End (UTC): 2025-12-22 08:16:24.449637+00:00
Duration: 27.34 seconds
Status: success

Running Binance Pipeline
Start (UTC): 2025-12-22 08:31:08.529910+00:00
End (UTC): 2025-12-22 08:31:36.107609+00:00
Duration: 27.58 seconds
Status: success

Running Binance Pipeline
Start (UTC): 2025-12-22 08:45:57.111863+00:00
End (UTC): 2025-12-22 08:46:25.036907+00:00
Duration: 27.93 seconds
Status: success

Running Binance Pipeline
Start (UTC): 2025-12-22 09:01:23.486705+00:00
End (UTC): 2025-12-22 09:01:50.350430+00:00
Duration: 26.86 seconds
Status: success

Running Binance Pipeline
Start (UTC): 2025-12-22 09:16:00.812907+00:00
End (UTC): 2025-12-22 09:16:27.820146+00:00
Duration: 27.01 seconds
Status: success

Running Binance Pipeline
Start (UTC): 2025-12-22 09:31:09.912451+00:00
End (UTC): 2025-12-22 09:31:37.253437+00:00
Duration: 27.34 seconds
Status: success

Running Binance Pipeline
Start (UTC): 2025-12-22 09:46:01.159601+00:00
End (UTC): 2025-12-22 09:46:26.703518+00:00
Duration: 25.54 seconds
Status: success

Running Binance Pipeline
Start (UTC): 2025-12-22 10:01:19.442175+00:00
End (UTC): 2025-12-22 10:01:43.756565+00:00
Duration: 24.31 seconds
Status: success

Running Binance Pipeline
Start (UTC): 2025-12-22 10:16:00.349728+00:00
End (UTC): 2025-12-22 10:16:28.010639+00:00
Duration: 27.66 seconds
Status: success

Running Binance Pipeline
Start (UTC): 2025-12-22 10:31:13.738010+00:00
End (UTC): 2025-12-22 10:31:39.070326+00:00
Duration: 25.33 seconds
Status: success

Running Binance Pipeline
Start (UTC): 2025-12-22 10:45:58.344246+00:00
End (UTC): 2025-12-22 10:46:25.257014+00:00
Duration: 26.91 seconds
Status: success

Running Binance Pipeline
Start (UTC): 2025-12-22 11:01:22.342592+00:00
End (UTC): 2025-12-22 11:01:50.021536+00:00
Duration: 27.68 seconds
Status: success

Running Binance Pipeline
Start (UTC): 2025-12-22 11:16:14.560774+00:00
End (UTC): 2025-12-22 11:16:39.203969+00:00
Duration: 24.64 seconds
Status: success

Running Binance Pipeline
Start (UTC): 2025-12-22 11:31:05.191888+00:00
End (UTC): 2025-12-22 11:31:32.138885+00:00
Duration: 26.95 seconds
Status: success

Running Binance Pipeline
Start (UTC): 2025-12-22 11:45:59.604263+00:00
End (UTC): 2025-12-22 11:46:26.195288+00:00
Duration: 26.59 seconds
Status: success

Running Binance Pipeline
Start (UTC): 2025-12-22 12:01:18.802451+00:00
End (UTC): 2025-12-22 12:01:44.000722+00:00
Duration: 25.2 seconds
Status: success

Running Binance Pipeline
Start (UTC): 2025-12-22 12:15:57.182365+00:00
End (UTC): 2025-12-22 12:16:22.713269+00:00
Duration: 25.53 seconds
Status: success

Running Binance Pipeline
Start (UTC): 2025-12-22 12:31:09.405850+00:00
End (UTC): 2025-12-22 12:31:36.239969+00:00
Duration: 26.83 seconds
Status: success

Running Binance Pipeline
Start (UTC): 2025-12-22 12:45:59.671996+00:00
End (UTC): 2025-12-22 12:46:27.025930+00:00
Duration: 27.35 seconds
Status: success
