
Running Binance Pipeline
Start (UTC): 2025-12-24 00:01:22.417538+00:00
End (UTC): 2025-12-24 00:01:49.945637+00:00
Duration: 27.53 seconds
Status: success

Running Binance Pipeline
Start (UTC): 2025-12-24 00:16:01.478689+00:00
End (UTC): 2025-12-24 00:16:28.838095+00:00
Duration: 27.36 seconds
Status: success

Running Binance Pipeline
Start (UTC): 2025-12-24 00:31:06.703439+00:00
End (UTC): 2025-12-24 00:31:34.086564+00:00
Duration: 27.38 seconds
Status: success

Running Binance Pipeline
Start (UTC): 2025-12-24 00:46:03.923020+00:00
End (UTC): 2025-12-24 00:46:29.827221+00:00
Duration: 25.9 seconds
Status: success

Running Binance Pipeline
Start (UTC): 2025-12-24 01:01:26.026226+00:00
End (UTC): 2025-12-24 01:01:52.307644+00:00
Duration: 26.28 seconds
Status: success
