
Running Binance Pipeline
Start (UTC): 2025-12-11 00:00:56.965580+00:00
End (UTC): 2025-12-11 00:01:20.696348+00:00
Duration: 23.73 seconds
Status: success

Running Binance Pipeline
Start (UTC): 2025-12-11 00:15:36.253379+00:00
End (UTC): 2025-12-11 00:16:01.793932+00:00
Duration: 25.54 seconds
Status: success

Running Binance Pipeline
Start (UTC): 2025-12-11 00:30:45.090907+00:00
End (UTC): 2025-12-11 00:31:08.986494+00:00
Duration: 23.9 seconds
Status: success

Running Binance Pipeline
Start (UTC): 2025-12-11 00:45:36.041448+00:00
End (UTC): 2025-12-11 00:46:01.535000+00:00
Duration: 25.49 seconds
Status: success
