
Running Binance Pipeline
Start (UTC): 2025-12-13 00:00:58.314223+00:00
End (UTC): 2025-12-13 00:01:21.826941+00:00
Duration: 23.51 seconds
Status: success

Running Binance Pipeline
Start (UTC): 2025-12-13 00:15:39.175342+00:00
End (UTC): 2025-12-13 00:16:02.472905+00:00
Duration: 23.3 seconds
Status: success

Running Binance Pipeline
Start (UTC): 2025-12-13 00:30:45.575094+00:00
End (UTC): 2025-12-13 00:31:10.113218+00:00
Duration: 24.54 seconds
Status: success

Running Binance Pipeline
Start (UTC): 2025-12-13 00:45:39.053377+00:00
End (UTC): 2025-12-13 00:46:03.485111+00:00
Duration: 24.43 seconds
Status: success

Running Binance Pipeline
Start (UTC): 2025-12-13 01:01:01.663721+00:00
End (UTC): 2025-12-13 01:01:26.691244+00:00
Duration: 25.03 seconds
Status: success

Running Binance Pipeline
Start (UTC): 2025-12-13 01:15:36.372882+00:00
End (UTC): 2025-12-13 01:16:02.561242+00:00
Duration: 26.19 seconds
Status: success

Running Binance Pipeline
Start (UTC): 2025-12-13 01:30:47.848497+00:00
End (UTC): 2025-12-13 01:31:13.967326+00:00
Duration: 26.12 seconds
Status: success

Running Binance Pipeline
Start (UTC): 2025-12-13 01:45:37.302409+00:00
End (UTC): 2025-12-13 01:46:02.648159+00:00
Duration: 25.35 seconds
Status: success

Running Binance Pipeline
Start (UTC): 2025-12-13 02:00:58.525616+00:00
End (UTC): 2025-12-13 02:01:24.812918+00:00
Duration: 26.29 seconds
Status: success

Running Binance Pipeline
Start (UTC): 2025-12-13 02:15:38.863161+00:00
End (UTC): 2025-12-13 02:16:02.232095+00:00
Duration: 23.37 seconds
Status: success

Running Binance Pipeline
Start (UTC): 2025-12-13 02:30:48.304154+00:00
End (UTC): 2025-12-13 02:31:14.597462+00:00
Duration: 26.29 seconds
Status: success

Running Binance Pipeline
Start (UTC): 2025-12-13 02:45:37.190151+00:00
End (UTC): 2025-12-13 02:46:01.784442+00:00
Duration: 24.59 seconds
Status: success

Running Binance Pipeline
Start (UTC): 2025-12-13 03:00:59.530638+00:00
End (UTC): 2025-12-13 03:01:22.873296+00:00
Duration: 23.34 seconds
Status: success

Running Binance Pipeline
Start (UTC): 2025-12-13 03:15:40.038750+00:00
End (UTC): 2025-12-13 03:16:06.352648+00:00
Duration: 26.31 seconds
Status: success

Running Binance Pipeline
Start (UTC): 2025-12-13 03:30:50.684350+00:00
End (UTC): 2025-12-13 03:31:15.071193+00:00
Duration: 24.39 seconds
Status: success
