
Running Binance Pipeline
Start (UTC): 2025-12-31 00:01:40.240006+00:00
End (UTC): 2025-12-31 00:02:07.414654+00:00
Duration: 27.17 seconds
Status: success

Running Binance Pipeline
Start (UTC): 2025-12-31 00:16:28.787224+00:00
End (UTC): 2025-12-31 00:16:56.160121+00:00
Duration: 27.37 seconds
Status: success

Running Binance Pipeline
Start (UTC): 2025-12-31 00:31:27.753035+00:00
End (UTC): 2025-12-31 00:31:56.327969+00:00
Duration: 28.57 seconds
Status: success

Running Binance Pipeline
Start (UTC): 2025-12-31 00:46:22.438486+00:00
End (UTC): 2025-12-31 00:46:49.296261+00:00
Duration: 26.86 seconds
Status: success

Running Binance Pipeline
Start (UTC): 2025-12-31 01:01:40.103551+00:00
End (UTC): 2025-12-31 01:02:08.663726+00:00
Duration: 28.56 seconds
Status: success

Running Binance Pipeline
Start (UTC): 2025-12-31 01:16:16.909662+00:00
End (UTC): 2025-12-31 01:16:45.203024+00:00
Duration: 28.29 seconds
Status: success

Running Binance Pipeline
Start (UTC): 2025-12-31 01:31:30.792156+00:00
End (UTC): 2025-12-31 01:31:57.790944+00:00
Duration: 27.0 seconds
Status: success

Running Binance Pipeline
Start (UTC): 2025-12-31 01:46:22.454882+00:00
End (UTC): 2025-12-31 01:46:50.929410+00:00
Duration: 28.47 seconds
Status: success

Running Binance Pipeline
Start (UTC): 2025-12-31 02:01:37.853680+00:00
End (UTC): 2025-12-31 02:02:03.664334+00:00
Duration: 25.81 seconds
Status: success

Running Binance Pipeline
Start (UTC): 2025-12-31 02:16:18.659208+00:00
End (UTC): 2025-12-31 02:16:45.610693+00:00
Duration: 26.95 seconds
Status: success

Running Binance Pipeline
Start (UTC): 2025-12-31 02:31:32.188085+00:00
End (UTC): 2025-12-31 02:31:59.342684+00:00
Duration: 27.15 seconds
Status: success

Running Binance Pipeline
Start (UTC): 2025-12-31 02:46:18.088675+00:00
End (UTC): 2025-12-31 02:46:47.338893+00:00
Duration: 29.25 seconds
Status: success

Running Binance Pipeline
Start (UTC): 2025-12-31 03:01:39.128786+00:00
End (UTC): 2025-12-31 03:02:07.174728+00:00
Duration: 28.05 seconds
Status: success

Running Binance Pipeline
Start (UTC): 2025-12-31 03:16:19.174057+00:00
End (UTC): 2025-12-31 03:16:48.004345+00:00
Duration: 28.83 seconds
Status: success

Running Binance Pipeline
Start (UTC): 2025-12-31 03:31:28.600406+00:00
End (UTC): 2025-12-31 03:31:57.291572+00:00
Duration: 28.69 seconds
Status: success
