
Running Binance Pipeline
Start (UTC): 2025-12-09 00:01:00.128257+00:00
End (UTC): 2025-12-09 00:01:22.581765+00:00
Duration: 22.45 seconds
Status: success

Running Binance Pipeline
Start (UTC): 2025-12-09 00:15:34.308589+00:00
End (UTC): 2025-12-09 00:15:59.493839+00:00
Duration: 25.19 seconds
Status: success

Running Binance Pipeline
Start (UTC): 2025-12-09 00:30:42.553345+00:00
End (UTC): 2025-12-09 00:31:05.302308+00:00
Duration: 22.75 seconds
Status: success

Running Binance Pipeline
Start (UTC): 2025-12-09 00:45:36.712257+00:00
End (UTC): 2025-12-09 00:45:59.936851+00:00
Duration: 23.22 seconds
Status: success

Running Binance Pipeline
Start (UTC): 2025-12-09 01:00:57.669716+00:00
End (UTC): 2025-12-09 01:01:22.451487+00:00
Duration: 24.78 seconds
Status: success

Running Binance Pipeline
Start (UTC): 2025-12-09 01:15:38.532034+00:00
End (UTC): 2025-12-09 01:16:02.557008+00:00
Duration: 24.03 seconds
Status: success

Running Binance Pipeline
Start (UTC): 2025-12-09 01:30:46.791974+00:00
End (UTC): 2025-12-09 01:31:10.181691+00:00
Duration: 23.39 seconds
Status: success

Running Binance Pipeline
Start (UTC): 2025-12-09 01:45:43.710549+00:00
End (UTC): 2025-12-09 01:46:07.190658+00:00
Duration: 23.48 seconds
Status: success

Running Binance Pipeline
Start (UTC): 2025-12-09 02:00:59.728082+00:00
End (UTC): 2025-12-09 02:01:25.189063+00:00
Duration: 25.46 seconds
Status: success

Running Binance Pipeline
Start (UTC): 2025-12-09 02:15:37.901249+00:00
End (UTC): 2025-12-09 02:16:00.826235+00:00
Duration: 22.93 seconds
Status: success

Running Binance Pipeline
Start (UTC): 2025-12-09 02:30:45.412375+00:00
End (UTC): 2025-12-09 02:31:10.421439+00:00
Duration: 25.01 seconds
Status: success

Running Binance Pipeline
Start (UTC): 2025-12-09 02:45:43.669136+00:00
End (UTC): 2025-12-09 02:46:06.528512+00:00
Duration: 22.86 seconds
Status: success

Running Binance Pipeline
Start (UTC): 2025-12-09 03:00:59.721654+00:00
End (UTC): 2025-12-09 03:01:22.102767+00:00
Duration: 22.38 seconds
Status: success

Running Binance Pipeline
Start (UTC): 2025-12-09 03:15:39.549187+00:00
End (UTC): 2025-12-09 03:16:02.048427+00:00
Duration: 22.5 seconds
Status: success

Running Binance Pipeline
Start (UTC): 2025-12-09 03:30:45.736639+00:00
End (UTC): 2025-12-09 03:31:10.462965+00:00
Duration: 24.73 seconds
Status: success
