
Running Binance Pipeline
Start (UTC): 2025-12-14 00:01:01.305569+00:00
End (UTC): 2025-12-14 00:01:28.054516+00:00
Duration: 26.75 seconds
Status: success

Running Binance Pipeline
Start (UTC): 2025-12-14 00:15:40.332520+00:00
End (UTC): 2025-12-14 00:16:06.884090+00:00
Duration: 26.55 seconds
Status: success

Running Binance Pipeline
Start (UTC): 2025-12-14 00:30:46.939545+00:00
End (UTC): 2025-12-14 00:31:13.724738+00:00
Duration: 26.79 seconds
Status: success

Running Binance Pipeline
Start (UTC): 2025-12-14 00:45:40.972453+00:00
End (UTC): 2025-12-14 00:46:04.307528+00:00
Duration: 23.34 seconds
Status: success

Running Binance Pipeline
Start (UTC): 2025-12-14 01:01:00.675704+00:00
End (UTC): 2025-12-14 01:01:32.558721+00:00
Duration: 31.88 seconds
Status: success

Running Binance Pipeline
Start (UTC): 2025-12-14 01:15:35.921742+00:00
End (UTC): 2025-12-14 01:16:02.813789+00:00
Duration: 26.89 seconds
Status: success

Running Binance Pipeline
Start (UTC): 2025-12-14 01:30:47.382634+00:00
End (UTC): 2025-12-14 01:31:14.447132+00:00
Duration: 27.06 seconds
Status: success

Running Binance Pipeline
Start (UTC): 2025-12-14 01:45:41.689877+00:00
End (UTC): 2025-12-14 01:46:07.142011+00:00
Duration: 25.45 seconds
Status: success

Running Binance Pipeline
Start (UTC): 2025-12-14 02:01:02.549938+00:00
End (UTC): 2025-12-14 02:01:27.447765+00:00
Duration: 24.9 seconds
Status: success
