
Running Binance Pipeline
Start (UTC): 2025-12-23 00:01:22.351943+00:00
End (UTC): 2025-12-23 00:01:49.574015+00:00
Duration: 27.22 seconds
Status: success

Running Binance Pipeline
Start (UTC): 2025-12-23 00:16:07.204483+00:00
End (UTC): 2025-12-23 00:16:31.674979+00:00
Duration: 24.47 seconds
Status: success

Running Binance Pipeline
Start (UTC): 2025-12-23 00:31:12.125651+00:00
End (UTC): 2025-12-23 00:31:40.974974+00:00
Duration: 28.85 seconds
Status: success

Running Binance Pipeline
Start (UTC): 2025-12-23 00:46:03.953572+00:00
End (UTC): 2025-12-23 00:46:29.407105+00:00
Duration: 25.45 seconds
Status: success

Running Binance Pipeline
Start (UTC): 2025-12-23 01:01:21.762801+00:00
End (UTC): 2025-12-23 01:01:48.755659+00:00
Duration: 26.99 seconds
Status: success

Running Binance Pipeline
Start (UTC): 2025-12-23 01:16:05.910983+00:00
End (UTC): 2025-12-23 01:16:32.063656+00:00
Duration: 26.15 seconds
Status: success

Running Binance Pipeline
Start (UTC): 2025-12-23 01:31:09.224384+00:00
End (UTC): 2025-12-23 01:31:35.976819+00:00
Duration: 26.75 seconds
Status: success

Running Binance Pipeline
Start (UTC): 2025-12-23 01:46:01.256293+00:00
End (UTC): 2025-12-23 01:46:29.236460+00:00
Duration: 27.98 seconds
Status: success

Running Binance Pipeline
Start (UTC): 2025-12-23 02:01:24.990607+00:00
End (UTC): 2025-12-23 02:01:50.924048+00:00
Duration: 25.93 seconds
Status: success

Running Binance Pipeline
Start (UTC): 2025-12-23 02:16:01.121311+00:00
End (UTC): 2025-12-23 02:16:27.204997+00:00
Duration: 26.08 seconds
Status: success
